2014-09-19 15:01:56,077-[TS] INFO main org.springframework.test.context.TestContextManager - @TestExecutionListeners is not present for class [class org.zhubao.service.UserServiceTest]: using defaults.
2014-09-19 15:01:56,372-[TS] INFO main org.springframework.beans.factory.xml.XmlBeanDefinitionReader - Loading XML bean definitions from class path resource [applicationContext.xml]
2014-09-19 15:01:56,996-[TS] INFO main org.springframework.context.annotation.ClassPathBeanDefinitionScanner - JSR-250 'javax.annotation.ManagedBean' found and supported for component scanning
2014-09-19 15:01:57,289-[TS] INFO main org.springframework.context.support.GenericApplicationContext - Refreshing org.springframework.context.support.GenericApplicationContext@16cd7d5: startup date [Fri Sep 19 15:01:57 CST 2014]; root of context hierarchy
2014-09-19 15:01:58,905-[TS] INFO main org.springframework.context.annotation.ClassPathBeanDefinitionScanner - JSR-250 'javax.annotation.ManagedBean' found and supported for component scanning
2014-09-19 15:01:59,483-[TS] INFO main org.springframework.beans.factory.config.PropertyPlaceholderConfigurer - Loading properties file from class path resource [config.properties]
2014-09-19 15:01:59,627-[TS] INFO main org.springframework.scheduling.concurrent.ThreadPoolTaskExecutor - Initializing ExecutorService 
2014-09-19 15:01:59,648-[TS] INFO main org.springframework.context.support.GenericApplicationContext - Bean 'executor' of type [class org.springframework.scheduling.config.TaskExecutorFactoryBean] is not eligible for getting processed by all BeanPostProcessors (for example: not eligible for auto-proxying)
2014-09-19 15:01:59,651-[TS] INFO main org.springframework.context.support.GenericApplicationContext - Bean 'executor' of type [class org.springframework.scheduling.concurrent.ThreadPoolTaskExecutor] is not eligible for getting processed by all BeanPostProcessors (for example: not eligible for auto-proxying)
2014-09-19 15:01:59,775-[TS] INFO main org.springframework.scheduling.concurrent.ThreadPoolTaskScheduler - Initializing ExecutorService  'scheduler'
2014-09-19 15:01:59,787-[TS] INFO main org.springframework.context.support.GenericApplicationContext - Bean 'scheduler' of type [class org.springframework.scheduling.concurrent.ThreadPoolTaskScheduler] is not eligible for getting processed by all BeanPostProcessors (for example: not eligible for auto-proxying)
2014-09-19 15:01:59,838-[TS] INFO main org.springframework.beans.factory.support.DefaultListableBeanFactory - Pre-instantiating singletons in org.springframework.beans.factory.support.DefaultListableBeanFactory@ad8659: defining beans [userServiceImpl,application,messagePrinter,springTaskDemo,org.springframework.context.annotation.internalConfigurationAnnotationProcessor,org.springframework.context.annotation.internalAutowiredAnnotationProcessor,org.springframework.context.annotation.internalRequiredAnnotationProcessor,org.springframework.context.annotation.internalCommonAnnotationProcessor,org.springframework.context.annotation.internalPersistenceAnnotationProcessor,executor,scheduler,org.springframework.context.annotation.internalAsyncAnnotationProcessor,org.springframework.context.annotation.internalScheduledAnnotationProcessor,propertyConfigurer,dataSource,entityManagerFactory,transactionManager,org.springframework.aop.config.internalAutoProxyCreator,org.springframework.transaction.annotation.AnnotationTransactionAttributeSource#0,org.springframework.transaction.interceptor.TransactionInterceptor#0,org.springframework.transaction.config.internalTransactionAdvisor,userDAOImpl,userDAO,org.springframework.data.repository.core.support.RepositoryInterfaceAwareBeanPostProcessor#0,org.springframework.context.annotation.ConfigurationClassPostProcessor$ImportAwareBeanPostProcessor#0,mockMessageService]; root of factory hierarchy
2014-09-19 15:02:00,011-[TS] INFO main org.springframework.orm.jpa.LocalContainerEntityManagerFactoryBean - Building JPA container EntityManagerFactory for persistence unit 'jpaDemo'
2014-09-19 15:02:00,359-[TS] INFO main org.hibernate.annotations.common.Version - HCANN000001: Hibernate Commons Annotations {4.0.1.Final}
2014-09-19 15:02:00,366-[TS] INFO main org.hibernate.Version - HHH000412: Hibernate Core {4.1.2}
2014-09-19 15:02:00,368-[TS] INFO main org.hibernate.cfg.Environment - HHH000206: hibernate.properties not found
2014-09-19 15:02:00,370-[TS] INFO main org.hibernate.cfg.Environment - HHH000021: Bytecode provider name : javassist
2014-09-19 15:02:00,401-[TS] INFO main org.hibernate.ejb.Ejb3Configuration - HHH000204: Processing PersistenceUnitInfo [
	name: jpaDemo
	...]
2014-09-19 15:02:00,709-[TS] INFO main org.hibernate.service.jdbc.connections.internal.ConnectionProviderInitiator - HHH000130: Instantiating explicit connection provider: org.hibernate.ejb.connection.InjectedDataSourceConnectionProvider
2014-09-19 15:02:01,176-[TS] INFO main org.hibernate.dialect.Dialect - HHH000400: Using dialect: org.hibernate.dialect.MySQLDialect
2014-09-19 15:02:01,186-[TS] INFO main org.hibernate.engine.jdbc.internal.LobCreatorBuilder - HHH000424: Disabling contextual LOB creation as createClob() method threw error : java.lang.reflect.InvocationTargetException
2014-09-19 15:02:01,195-[TS] INFO main org.hibernate.engine.transaction.internal.TransactionFactoryInitiator - HHH000268: Transaction strategy: org.hibernate.engine.transaction.internal.jdbc.JdbcTransactionFactory
2014-09-19 15:02:01,200-[TS] INFO main org.hibernate.hql.internal.ast.ASTQueryTranslatorFactory - HHH000397: Using ASTQueryTranslatorFactory
2014-09-19 15:02:01,267-[TS] INFO main org.hibernate.validator.util.Version - Hibernate Validator 4.2.0.Final
2014-09-19 15:02:01,653-[TS] INFO main org.hibernate.tool.hbm2ddl.SchemaUpdate - HHH000228: Running hbm2ddl schema update
2014-09-19 15:02:01,654-[TS] INFO main org.hibernate.tool.hbm2ddl.SchemaUpdate - HHH000102: Fetching database metadata
2014-09-19 15:02:01,657-[TS] INFO main org.hibernate.tool.hbm2ddl.SchemaUpdate - HHH000396: Updating schema
2014-09-19 15:02:01,674-[TS] INFO main org.hibernate.tool.hbm2ddl.TableMetadata - HHH000261: Table found: SpringJpaData.s_user
2014-09-19 15:02:01,675-[TS] INFO main org.hibernate.tool.hbm2ddl.TableMetadata - HHH000037: Columns: [username, borndate, email, userid, gender, password]
2014-09-19 15:02:01,675-[TS] INFO main org.hibernate.tool.hbm2ddl.TableMetadata - HHH000108: Foreign keys: []
2014-09-19 15:02:01,675-[TS] INFO main org.hibernate.tool.hbm2ddl.TableMetadata - HHH000126: Indexes: [primary]
2014-09-19 15:02:02,153-[TS] INFO main org.hibernate.tool.hbm2ddl.SchemaUpdate - HHH000232: Schema update complete
2014-09-19 15:02:03,335-[TS] INFO Thread-1 org.springframework.context.support.GenericApplicationContext - Closing org.springframework.context.support.GenericApplicationContext@16cd7d5: startup date [Fri Sep 19 15:01:57 CST 2014]; root of context hierarchy
2014-09-19 15:02:03,336-[TS] INFO Thread-1 org.springframework.beans.factory.support.DefaultListableBeanFactory - Destroying singletons in org.springframework.beans.factory.support.DefaultListableBeanFactory@ad8659: defining beans [userServiceImpl,application,messagePrinter,springTaskDemo,org.springframework.context.annotation.internalConfigurationAnnotationProcessor,org.springframework.context.annotation.internalAutowiredAnnotationProcessor,org.springframework.context.annotation.internalRequiredAnnotationProcessor,org.springframework.context.annotation.internalCommonAnnotationProcessor,org.springframework.context.annotation.internalPersistenceAnnotationProcessor,executor,scheduler,org.springframework.context.annotation.internalAsyncAnnotationProcessor,org.springframework.context.annotation.internalScheduledAnnotationProcessor,propertyConfigurer,dataSource,entityManagerFactory,transactionManager,org.springframework.aop.config.internalAutoProxyCreator,org.springframework.transaction.annotation.AnnotationTransactionAttributeSource#0,org.springframework.transaction.interceptor.TransactionInterceptor#0,org.springframework.transaction.config.internalTransactionAdvisor,userDAOImpl,userDAO,org.springframework.data.repository.core.support.RepositoryInterfaceAwareBeanPostProcessor#0,org.springframework.context.annotation.ConfigurationClassPostProcessor$ImportAwareBeanPostProcessor#0,mockMessageService]; root of factory hierarchy
2014-09-19 15:02:03,337-[TS] INFO Thread-1 org.springframework.orm.jpa.LocalContainerEntityManagerFactoryBean - Closing JPA EntityManagerFactory for persistence unit 'jpaDemo'
2014-09-19 15:02:03,340-[TS] INFO Thread-1 org.springframework.scheduling.concurrent.ThreadPoolTaskScheduler - Shutting down ExecutorService 'scheduler'
2014-09-19 15:02:03,341-[TS] INFO Thread-1 org.springframework.scheduling.concurrent.ThreadPoolTaskExecutor - Shutting down ExecutorService
2014-09-19 15:03:29,921-[TS] INFO main org.springframework.test.context.TestContextManager - @TestExecutionListeners is not present for class [class org.zhubao.service.UserServiceTest]: using defaults.
2014-09-19 15:03:30,031-[TS] INFO main org.springframework.beans.factory.xml.XmlBeanDefinitionReader - Loading XML bean definitions from class path resource [applicationContext.xml]
2014-09-19 15:03:30,159-[TS] INFO main org.springframework.context.annotation.ClassPathBeanDefinitionScanner - JSR-250 'javax.annotation.ManagedBean' found and supported for component scanning
2014-09-19 15:03:30,298-[TS] INFO main org.springframework.context.support.GenericApplicationContext - Refreshing org.springframework.context.support.GenericApplicationContext@18a7efd: startup date [Fri Sep 19 15:03:30 CST 2014]; root of context hierarchy
2014-09-19 15:03:30,376-[TS] INFO main org.springframework.context.annotation.ClassPathBeanDefinitionScanner - JSR-250 'javax.annotation.ManagedBean' found and supported for component scanning
2014-09-19 15:03:30,495-[TS] INFO main org.springframework.beans.factory.config.PropertyPlaceholderConfigurer - Loading properties file from class path resource [config.properties]
2014-09-19 15:03:30,532-[TS] INFO main org.springframework.scheduling.concurrent.ThreadPoolTaskExecutor - Initializing ExecutorService 
2014-09-19 15:03:30,535-[TS] INFO main org.springframework.context.support.GenericApplicationContext - Bean 'executor' of type [class org.springframework.scheduling.config.TaskExecutorFactoryBean] is not eligible for getting processed by all BeanPostProcessors (for example: not eligible for auto-proxying)
2014-09-19 15:03:30,537-[TS] INFO main org.springframework.context.support.GenericApplicationContext - Bean 'executor' of type [class org.springframework.scheduling.concurrent.ThreadPoolTaskExecutor] is not eligible for getting processed by all BeanPostProcessors (for example: not eligible for auto-proxying)
2014-09-19 15:03:30,568-[TS] INFO main org.springframework.scheduling.concurrent.ThreadPoolTaskScheduler - Initializing ExecutorService  'scheduler'
2014-09-19 15:03:30,570-[TS] INFO main org.springframework.context.support.GenericApplicationContext - Bean 'scheduler' of type [class org.springframework.scheduling.concurrent.ThreadPoolTaskScheduler] is not eligible for getting processed by all BeanPostProcessors (for example: not eligible for auto-proxying)
2014-09-19 15:03:30,590-[TS] INFO main org.springframework.beans.factory.support.DefaultListableBeanFactory - Pre-instantiating singletons in org.springframework.beans.factory.support.DefaultListableBeanFactory@1d1e730: defining beans [userServiceImpl,application,messagePrinter,springTaskDemo,org.springframework.context.annotation.internalConfigurationAnnotationProcessor,org.springframework.context.annotation.internalAutowiredAnnotationProcessor,org.springframework.context.annotation.internalRequiredAnnotationProcessor,org.springframework.context.annotation.internalCommonAnnotationProcessor,org.springframework.context.annotation.internalPersistenceAnnotationProcessor,executor,scheduler,org.springframework.context.annotation.internalAsyncAnnotationProcessor,org.springframework.context.annotation.internalScheduledAnnotationProcessor,propertyConfigurer,dataSource,entityManagerFactory,transactionManager,org.springframework.aop.config.internalAutoProxyCreator,org.springframework.transaction.annotation.AnnotationTransactionAttributeSource#0,org.springframework.transaction.interceptor.TransactionInterceptor#0,org.springframework.transaction.config.internalTransactionAdvisor,userDAOImpl,userDAO,org.springframework.data.repository.core.support.RepositoryInterfaceAwareBeanPostProcessor#0,org.springframework.context.annotation.ConfigurationClassPostProcessor$ImportAwareBeanPostProcessor#0,mockMessageService]; root of factory hierarchy
2014-09-19 15:03:30,680-[TS] INFO main org.springframework.orm.jpa.LocalContainerEntityManagerFactoryBean - Building JPA container EntityManagerFactory for persistence unit 'jpaDemo'
2014-09-19 15:03:30,803-[TS] INFO main org.hibernate.annotations.common.Version - HCANN000001: Hibernate Commons Annotations {4.0.1.Final}
2014-09-19 15:03:30,809-[TS] INFO main org.hibernate.Version - HHH000412: Hibernate Core {4.1.2}
2014-09-19 15:03:30,811-[TS] INFO main org.hibernate.cfg.Environment - HHH000206: hibernate.properties not found
2014-09-19 15:03:30,813-[TS] INFO main org.hibernate.cfg.Environment - HHH000021: Bytecode provider name : javassist
2014-09-19 15:03:30,832-[TS] INFO main org.hibernate.ejb.Ejb3Configuration - HHH000204: Processing PersistenceUnitInfo [
	name: jpaDemo
	...]
2014-09-19 15:03:31,019-[TS] INFO main org.hibernate.service.jdbc.connections.internal.ConnectionProviderInitiator - HHH000130: Instantiating explicit connection provider: org.hibernate.ejb.connection.InjectedDataSourceConnectionProvider
2014-09-19 15:03:31,250-[TS] INFO main org.hibernate.dialect.Dialect - HHH000400: Using dialect: org.hibernate.dialect.MySQLDialect
2014-09-19 15:03:31,258-[TS] INFO main org.hibernate.engine.jdbc.internal.LobCreatorBuilder - HHH000424: Disabling contextual LOB creation as createClob() method threw error : java.lang.reflect.InvocationTargetException
2014-09-19 15:03:31,266-[TS] INFO main org.hibernate.engine.transaction.internal.TransactionFactoryInitiator - HHH000268: Transaction strategy: org.hibernate.engine.transaction.internal.jdbc.JdbcTransactionFactory
2014-09-19 15:03:31,270-[TS] INFO main org.hibernate.hql.internal.ast.ASTQueryTranslatorFactory - HHH000397: Using ASTQueryTranslatorFactory
2014-09-19 15:03:31,303-[TS] INFO main org.hibernate.validator.util.Version - Hibernate Validator 4.2.0.Final
2014-09-19 15:03:31,512-[TS] INFO main org.hibernate.tool.hbm2ddl.SchemaUpdate - HHH000228: Running hbm2ddl schema update
2014-09-19 15:03:31,512-[TS] INFO main org.hibernate.tool.hbm2ddl.SchemaUpdate - HHH000102: Fetching database metadata
2014-09-19 15:03:31,515-[TS] INFO main org.hibernate.tool.hbm2ddl.SchemaUpdate - HHH000396: Updating schema
2014-09-19 15:03:31,532-[TS] INFO main org.hibernate.tool.hbm2ddl.TableMetadata - HHH000261: Table found: SpringJpaData.s_user
2014-09-19 15:03:31,532-[TS] INFO main org.hibernate.tool.hbm2ddl.TableMetadata - HHH000037: Columns: [sex, username, borndate, email, userid, password]
2014-09-19 15:03:31,533-[TS] INFO main org.hibernate.tool.hbm2ddl.TableMetadata - HHH000108: Foreign keys: []
2014-09-19 15:03:31,533-[TS] INFO main org.hibernate.tool.hbm2ddl.TableMetadata - HHH000126: Indexes: [primary]
2014-09-19 15:03:31,533-[TS] INFO main org.hibernate.tool.hbm2ddl.SchemaUpdate - HHH000232: Schema update complete
2014-09-19 15:03:32,073-[TS] INFO Thread-1 org.springframework.context.support.GenericApplicationContext - Closing org.springframework.context.support.GenericApplicationContext@18a7efd: startup date [Fri Sep 19 15:03:30 CST 2014]; root of context hierarchy
2014-09-19 15:03:32,074-[TS] INFO Thread-1 org.springframework.beans.factory.support.DefaultListableBeanFactory - Destroying singletons in org.springframework.beans.factory.support.DefaultListableBeanFactory@1d1e730: defining beans [userServiceImpl,application,messagePrinter,springTaskDemo,org.springframework.context.annotation.internalConfigurationAnnotationProcessor,org.springframework.context.annotation.internalAutowiredAnnotationProcessor,org.springframework.context.annotation.internalRequiredAnnotationProcessor,org.springframework.context.annotation.internalCommonAnnotationProcessor,org.springframework.context.annotation.internalPersistenceAnnotationProcessor,executor,scheduler,org.springframework.context.annotation.internalAsyncAnnotationProcessor,org.springframework.context.annotation.internalScheduledAnnotationProcessor,propertyConfigurer,dataSource,entityManagerFactory,transactionManager,org.springframework.aop.config.internalAutoProxyCreator,org.springframework.transaction.annotation.AnnotationTransactionAttributeSource#0,org.springframework.transaction.interceptor.TransactionInterceptor#0,org.springframework.transaction.config.internalTransactionAdvisor,userDAOImpl,userDAO,org.springframework.data.repository.core.support.RepositoryInterfaceAwareBeanPostProcessor#0,org.springframework.context.annotation.ConfigurationClassPostProcessor$ImportAwareBeanPostProcessor#0,mockMessageService]; root of factory hierarchy
2014-09-19 15:03:32,075-[TS] INFO Thread-1 org.springframework.orm.jpa.LocalContainerEntityManagerFactoryBean - Closing JPA EntityManagerFactory for persistence unit 'jpaDemo'
2014-09-19 15:03:32,076-[TS] INFO Thread-1 org.springframework.scheduling.concurrent.ThreadPoolTaskScheduler - Shutting down ExecutorService 'scheduler'
2014-09-19 15:03:32,076-[TS] INFO Thread-1 org.springframework.scheduling.concurrent.ThreadPoolTaskExecutor - Shutting down ExecutorService
2014-09-19 15:05:22,659-[TS] INFO main org.springframework.test.context.TestContextManager - @TestExecutionListeners is not present for class [class org.zhubao.service.UserServiceTest]: using defaults.
2014-09-19 15:05:22,764-[TS] INFO main org.springframework.beans.factory.xml.XmlBeanDefinitionReader - Loading XML bean definitions from class path resource [applicationContext.xml]
2014-09-19 15:05:22,931-[TS] INFO main org.springframework.context.annotation.ClassPathBeanDefinitionScanner - JSR-250 'javax.annotation.ManagedBean' found and supported for component scanning
2014-09-19 15:05:23,082-[TS] INFO main org.springframework.context.support.GenericApplicationContext - Refreshing org.springframework.context.support.GenericApplicationContext@18a7efd: startup date [Fri Sep 19 15:05:23 CST 2014]; root of context hierarchy
2014-09-19 15:05:23,162-[TS] INFO main org.springframework.context.annotation.ClassPathBeanDefinitionScanner - JSR-250 'javax.annotation.ManagedBean' found and supported for component scanning
2014-09-19 15:05:23,275-[TS] INFO main org.springframework.beans.factory.config.PropertyPlaceholderConfigurer - Loading properties file from class path resource [config.properties]
2014-09-19 15:05:23,309-[TS] INFO main org.springframework.scheduling.concurrent.ThreadPoolTaskExecutor - Initializing ExecutorService 
2014-09-19 15:05:23,311-[TS] INFO main org.springframework.context.support.GenericApplicationContext - Bean 'executor' of type [class org.springframework.scheduling.config.TaskExecutorFactoryBean] is not eligible for getting processed by all BeanPostProcessors (for example: not eligible for auto-proxying)
2014-09-19 15:05:23,312-[TS] INFO main org.springframework.context.support.GenericApplicationContext - Bean 'executor' of type [class org.springframework.scheduling.concurrent.ThreadPoolTaskExecutor] is not eligible for getting processed by all BeanPostProcessors (for example: not eligible for auto-proxying)
2014-09-19 15:05:23,341-[TS] INFO main org.springframework.scheduling.concurrent.ThreadPoolTaskScheduler - Initializing ExecutorService  'scheduler'
2014-09-19 15:05:23,342-[TS] INFO main org.springframework.context.support.GenericApplicationContext - Bean 'scheduler' of type [class org.springframework.scheduling.concurrent.ThreadPoolTaskScheduler] is not eligible for getting processed by all BeanPostProcessors (for example: not eligible for auto-proxying)
2014-09-19 15:05:23,361-[TS] INFO main org.springframework.beans.factory.support.DefaultListableBeanFactory - Pre-instantiating singletons in org.springframework.beans.factory.support.DefaultListableBeanFactory@13e58d4: defining beans [userServiceImpl,application,messagePrinter,springTaskDemo,org.springframework.context.annotation.internalConfigurationAnnotationProcessor,org.springframework.context.annotation.internalAutowiredAnnotationProcessor,org.springframework.context.annotation.internalRequiredAnnotationProcessor,org.springframework.context.annotation.internalCommonAnnotationProcessor,org.springframework.context.annotation.internalPersistenceAnnotationProcessor,executor,scheduler,org.springframework.context.annotation.internalAsyncAnnotationProcessor,org.springframework.context.annotation.internalScheduledAnnotationProcessor,propertyConfigurer,dataSource,entityManagerFactory,transactionManager,cacheManagerFactory,org.springframework.aop.config.internalAutoProxyCreator,org.springframework.cache.annotation.AnnotationCacheOperationSource#0,org.springframework.cache.interceptor.CacheInterceptor#0,org.springframework.cache.config.internalCacheAdvisor,cacheManager,org.springframework.transaction.annotation.AnnotationTransactionAttributeSource#0,org.springframework.transaction.interceptor.TransactionInterceptor#0,org.springframework.transaction.config.internalTransactionAdvisor,userDAOImpl,userDAO,org.springframework.data.repository.core.support.RepositoryInterfaceAwareBeanPostProcessor#0,org.springframework.context.annotation.ConfigurationClassPostProcessor$ImportAwareBeanPostProcessor#0,mockMessageService]; root of factory hierarchy
2014-09-19 15:05:23,379-[TS] WARN main org.springframework.beans.factory.support.DefaultListableBeanFactory - FactoryBean threw exception from getObjectType, despite the contract saying that it should return null if the type of its object cannot be determined yet
java.lang.NoClassDefFoundError: net/sf/ehcache/CacheManager
	at org.springframework.cache.ehcache.EhCacheManagerFactoryBean.getObjectType(EhCacheManagerFactoryBean.java:124)
	at org.springframework.beans.factory.support.FactoryBeanRegistrySupport.getTypeForFactoryBean(FactoryBeanRegistrySupport.java:65)
	at org.springframework.beans.factory.support.AbstractAutowireCapableBeanFactory.getTypeForFactoryBean(AbstractAutowireCapableBeanFactory.java:703)
	at org.springframework.beans.factory.support.AbstractBeanFactory.isTypeMatch(AbstractBeanFactory.java:519)
	at org.springframework.beans.factory.support.DefaultListableBeanFactory.doGetBeanNamesForType(DefaultListableBeanFactory.java:342)
	at org.springframework.beans.factory.support.DefaultListableBeanFactory.getBeanNamesForType(DefaultListableBeanFactory.java:320)
	at org.springframework.beans.factory.BeanFactoryUtils.beanNamesForTypeIncludingAncestors(BeanFactoryUtils.java:187)
	at org.springframework.beans.factory.support.DefaultListableBeanFactory.findAutowireCandidates(DefaultListableBeanFactory.java:861)
	at org.springframework.beans.factory.support.DefaultListableBeanFactory.doResolveDependency(DefaultListableBeanFactory.java:818)
	at org.springframework.beans.factory.support.DefaultListableBeanFactory.resolveDependency(DefaultListableBeanFactory.java:735)
	at org.springframework.beans.factory.annotation.AutowiredAnnotationBeanPostProcessor$AutowiredFieldElement.inject(AutowiredAnnotationBeanPostProcessor.java:484)
	at org.springframework.beans.factory.annotation.InjectionMetadata.inject(InjectionMetadata.java:92)
	at org.springframework.beans.factory.annotation.AutowiredAnnotationBeanPostProcessor.postProcessPropertyValues(AutowiredAnnotationBeanPostProcessor.java:284)
	at org.springframework.beans.factory.support.AbstractAutowireCapableBeanFactory.populateBean(AbstractAutowireCapableBeanFactory.java:1106)
	at org.springframework.beans.factory.support.AbstractAutowireCapableBeanFactory.doCreateBean(AbstractAutowireCapableBeanFactory.java:517)
	at org.springframework.beans.factory.support.AbstractAutowireCapableBeanFactory.createBean(AbstractAutowireCapableBeanFactory.java:456)
	at org.springframework.beans.factory.support.AbstractBeanFactory$1.getObject(AbstractBeanFactory.java:294)
	at org.springframework.beans.factory.support.DefaultSingletonBeanRegistry.getSingleton(DefaultSingletonBeanRegistry.java:225)
	at org.springframework.beans.factory.support.AbstractBeanFactory.doGetBean(AbstractBeanFactory.java:291)
	at org.springframework.beans.factory.support.AbstractBeanFactory.getBean(AbstractBeanFactory.java:193)
	at org.springframework.beans.factory.support.DefaultListableBeanFactory.preInstantiateSingletons(DefaultListableBeanFactory.java:609)
	at org.springframework.context.support.AbstractApplicationContext.finishBeanFactoryInitialization(AbstractApplicationContext.java:918)
	at org.springframework.context.support.AbstractApplicationContext.refresh(AbstractApplicationContext.java:469)
	at org.springframework.test.context.support.AbstractGenericContextLoader.loadContext(AbstractGenericContextLoader.java:105)
	at org.springframework.test.context.support.AbstractGenericContextLoader.loadContext(AbstractGenericContextLoader.java:57)
	at org.springframework.test.context.support.DelegatingSmartContextLoader.loadContext(DelegatingSmartContextLoader.java:228)
	at org.springframework.test.context.TestContext.loadApplicationContext(TestContext.java:124)
	at org.springframework.test.context.TestContext.getApplicationContext(TestContext.java:148)
	at org.springframework.test.context.support.DependencyInjectionTestExecutionListener.injectDependencies(DependencyInjectionTestExecutionListener.java:109)
	at org.springframework.test.context.support.DependencyInjectionTestExecutionListener.prepareTestInstance(DependencyInjectionTestExecutionListener.java:75)
	at org.springframework.test.context.TestContextManager.prepareTestInstance(TestContextManager.java:321)
	at org.springframework.test.context.junit4.SpringJUnit4ClassRunner.createTest(SpringJUnit4ClassRunner.java:211)
	at org.springframework.test.context.junit4.SpringJUnit4ClassRunner$1.runReflectiveCall(SpringJUnit4ClassRunner.java:288)
	at org.junit.internal.runners.model.ReflectiveCallable.run(ReflectiveCallable.java:15)
	at org.springframework.test.context.junit4.SpringJUnit4ClassRunner.methodBlock(SpringJUnit4ClassRunner.java:284)
	at org.springframework.test.context.junit4.SpringJUnit4ClassRunner.runChild(SpringJUnit4ClassRunner.java:231)
	at org.springframework.test.context.junit4.SpringJUnit4ClassRunner.runChild(SpringJUnit4ClassRunner.java:88)
	at org.junit.runners.ParentRunner.runChildren(ParentRunner.java:180)
	at org.junit.runners.ParentRunner.access$000(ParentRunner.java:41)
	at org.junit.runners.ParentRunner$1.evaluate(ParentRunner.java:173)
	at org.junit.internal.runners.statements.RunBefores.evaluate(RunBefores.java:28)
	at org.springframework.test.context.junit4.statements.RunBeforeTestClassCallbacks.evaluate(RunBeforeTestClassCallbacks.java:61)
	at org.junit.internal.runners.statements.RunAfters.evaluate(RunAfters.java:31)
	at org.springframework.test.context.junit4.statements.RunAfterTestClassCallbacks.evaluate(RunAfterTestClassCallbacks.java:71)
	at org.junit.runners.ParentRunner.run(ParentRunner.java:220)
	at org.springframework.test.context.junit4.SpringJUnit4ClassRunner.run(SpringJUnit4ClassRunner.java:174)
	at org.eclipse.jdt.internal.junit4.runner.JUnit4TestReference.run(JUnit4TestReference.java:50)
	at org.eclipse.jdt.internal.junit.runner.TestExecution.run(TestExecution.java:38)
	at org.eclipse.jdt.internal.junit.runner.RemoteTestRunner.runTests(RemoteTestRunner.java:467)
	at org.eclipse.jdt.internal.junit.runner.RemoteTestRunner.runTests(RemoteTestRunner.java:683)
	at org.eclipse.jdt.internal.junit.runner.RemoteTestRunner.run(RemoteTestRunner.java:390)
	at org.eclipse.jdt.internal.junit.runner.RemoteTestRunner.main(RemoteTestRunner.java:197)
Caused by: java.lang.ClassNotFoundException: net.sf.ehcache.CacheManager
	at java.net.URLClassLoader$1.run(URLClassLoader.java:202)
	at java.security.AccessController.doPrivileged(Native Method)
	at java.net.URLClassLoader.findClass(URLClassLoader.java:190)
	at java.lang.ClassLoader.loadClass(ClassLoader.java:306)
	at sun.misc.Launcher$AppClassLoader.loadClass(Launcher.java:301)
	at java.lang.ClassLoader.loadClass(ClassLoader.java:247)
	... 52 more
2014-09-19 15:05:23,383-[TS] INFO main org.springframework.beans.factory.support.DefaultListableBeanFactory - Destroying singletons in org.springframework.beans.factory.support.DefaultListableBeanFactory@13e58d4: defining beans [userServiceImpl,application,messagePrinter,springTaskDemo,org.springframework.context.annotation.internalConfigurationAnnotationProcessor,org.springframework.context.annotation.internalAutowiredAnnotationProcessor,org.springframework.context.annotation.internalRequiredAnnotationProcessor,org.springframework.context.annotation.internalCommonAnnotationProcessor,org.springframework.context.annotation.internalPersistenceAnnotationProcessor,executor,scheduler,org.springframework.context.annotation.internalAsyncAnnotationProcessor,org.springframework.context.annotation.internalScheduledAnnotationProcessor,propertyConfigurer,dataSource,entityManagerFactory,transactionManager,cacheManagerFactory,org.springframework.aop.config.internalAutoProxyCreator,org.springframework.cache.annotation.AnnotationCacheOperationSource#0,org.springframework.cache.interceptor.CacheInterceptor#0,org.springframework.cache.config.internalCacheAdvisor,cacheManager,org.springframework.transaction.annotation.AnnotationTransactionAttributeSource#0,org.springframework.transaction.interceptor.TransactionInterceptor#0,org.springframework.transaction.config.internalTransactionAdvisor,userDAOImpl,userDAO,org.springframework.data.repository.core.support.RepositoryInterfaceAwareBeanPostProcessor#0,org.springframework.context.annotation.ConfigurationClassPostProcessor$ImportAwareBeanPostProcessor#0,mockMessageService]; root of factory hierarchy
2014-09-19 15:05:23,388-[TS] INFO main org.springframework.scheduling.concurrent.ThreadPoolTaskScheduler - Shutting down ExecutorService 'scheduler'
2014-09-19 15:05:23,389-[TS] INFO main org.springframework.scheduling.concurrent.ThreadPoolTaskExecutor - Shutting down ExecutorService
2014-09-19 15:05:23,390-[TS] ERROR main org.springframework.test.context.TestContextManager - Caught exception while allowing TestExecutionListener [org.springframework.test.context.support.DependencyInjectionTestExecutionListener@f1f051] to prepare test instance [org.zhubao.service.UserServiceTest@1d88db7]
java.lang.IllegalStateException: Failed to load ApplicationContext
	at org.springframework.test.context.TestContext.getApplicationContext(TestContext.java:157)
	at org.springframework.test.context.support.DependencyInjectionTestExecutionListener.injectDependencies(DependencyInjectionTestExecutionListener.java:109)
	at org.springframework.test.context.support.DependencyInjectionTestExecutionListener.prepareTestInstance(DependencyInjectionTestExecutionListener.java:75)
	at org.springframework.test.context.TestContextManager.prepareTestInstance(TestContextManager.java:321)
	at org.springframework.test.context.junit4.SpringJUnit4ClassRunner.createTest(SpringJUnit4ClassRunner.java:211)
	at org.springframework.test.context.junit4.SpringJUnit4ClassRunner$1.runReflectiveCall(SpringJUnit4ClassRunner.java:288)
	at org.junit.internal.runners.model.ReflectiveCallable.run(ReflectiveCallable.java:15)
	at org.springframework.test.context.junit4.SpringJUnit4ClassRunner.methodBlock(SpringJUnit4ClassRunner.java:284)
	at org.springframework.test.context.junit4.SpringJUnit4ClassRunner.runChild(SpringJUnit4ClassRunner.java:231)
	at org.springframework.test.context.junit4.SpringJUnit4ClassRunner.runChild(SpringJUnit4ClassRunner.java:88)
	at org.junit.runners.ParentRunner.runChildren(ParentRunner.java:180)
	at org.junit.runners.ParentRunner.access$000(ParentRunner.java:41)
	at org.junit.runners.ParentRunner$1.evaluate(ParentRunner.java:173)
	at org.junit.internal.runners.statements.RunBefores.evaluate(RunBefores.java:28)
	at org.springframework.test.context.junit4.statements.RunBeforeTestClassCallbacks.evaluate(RunBeforeTestClassCallbacks.java:61)
	at org.junit.internal.runners.statements.RunAfters.evaluate(RunAfters.java:31)
	at org.springframework.test.context.junit4.statements.RunAfterTestClassCallbacks.evaluate(RunAfterTestClassCallbacks.java:71)
	at org.junit.runners.ParentRunner.run(ParentRunner.java:220)
	at org.springframework.test.context.junit4.SpringJUnit4ClassRunner.run(SpringJUnit4ClassRunner.java:174)
	at org.eclipse.jdt.internal.junit4.runner.JUnit4TestReference.run(JUnit4TestReference.java:50)
	at org.eclipse.jdt.internal.junit.runner.TestExecution.run(TestExecution.java:38)
	at org.eclipse.jdt.internal.junit.runner.RemoteTestRunner.runTests(RemoteTestRunner.java:467)
	at org.eclipse.jdt.internal.junit.runner.RemoteTestRunner.runTests(RemoteTestRunner.java:683)
	at org.eclipse.jdt.internal.junit.runner.RemoteTestRunner.run(RemoteTestRunner.java:390)
	at org.eclipse.jdt.internal.junit.runner.RemoteTestRunner.main(RemoteTestRunner.java:197)
Caused by: org.springframework.beans.factory.BeanCreationException: Error creating bean with name 'userServiceImpl': Injection of autowired dependencies failed; nested exception is org.springframework.beans.factory.BeanCreationException: Could not autowire field: private org.zhubao.dao.UserDAO org.zhubao.service.impl.UserServiceImpl.userDAO; nested exception is java.lang.NoClassDefFoundError: Lnet/sf/ehcache/CacheManager;
	at org.springframework.beans.factory.annotation.AutowiredAnnotationBeanPostProcessor.postProcessPropertyValues(AutowiredAnnotationBeanPostProcessor.java:287)
	at org.springframework.beans.factory.support.AbstractAutowireCapableBeanFactory.populateBean(AbstractAutowireCapableBeanFactory.java:1106)
	at org.springframework.beans.factory.support.AbstractAutowireCapableBeanFactory.doCreateBean(AbstractAutowireCapableBeanFactory.java:517)
	at org.springframework.beans.factory.support.AbstractAutowireCapableBeanFactory.createBean(AbstractAutowireCapableBeanFactory.java:456)
	at org.springframework.beans.factory.support.AbstractBeanFactory$1.getObject(AbstractBeanFactory.java:294)
	at org.springframework.beans.factory.support.DefaultSingletonBeanRegistry.getSingleton(DefaultSingletonBeanRegistry.java:225)
	at org.springframework.beans.factory.support.AbstractBeanFactory.doGetBean(AbstractBeanFactory.java:291)
	at org.springframework.beans.factory.support.AbstractBeanFactory.getBean(AbstractBeanFactory.java:193)
	at org.springframework.beans.factory.support.DefaultListableBeanFactory.preInstantiateSingletons(DefaultListableBeanFactory.java:609)
	at org.springframework.context.support.AbstractApplicationContext.finishBeanFactoryInitialization(AbstractApplicationContext.java:918)
	at org.springframework.context.support.AbstractApplicationContext.refresh(AbstractApplicationContext.java:469)
	at org.springframework.test.context.support.AbstractGenericContextLoader.loadContext(AbstractGenericContextLoader.java:105)
	at org.springframework.test.context.support.AbstractGenericContextLoader.loadContext(AbstractGenericContextLoader.java:57)
	at org.springframework.test.context.support.DelegatingSmartContextLoader.loadContext(DelegatingSmartContextLoader.java:228)
	at org.springframework.test.context.TestContext.loadApplicationContext(TestContext.java:124)
	at org.springframework.test.context.TestContext.getApplicationContext(TestContext.java:148)
	... 24 more
Caused by: org.springframework.beans.factory.BeanCreationException: Could not autowire field: private org.zhubao.dao.UserDAO org.zhubao.service.impl.UserServiceImpl.userDAO; nested exception is java.lang.NoClassDefFoundError: Lnet/sf/ehcache/CacheManager;
	at org.springframework.beans.factory.annotation.AutowiredAnnotationBeanPostProcessor$AutowiredFieldElement.inject(AutowiredAnnotationBeanPostProcessor.java:512)
	at org.springframework.beans.factory.annotation.InjectionMetadata.inject(InjectionMetadata.java:92)
	at org.springframework.beans.factory.annotation.AutowiredAnnotationBeanPostProcessor.postProcessPropertyValues(AutowiredAnnotationBeanPostProcessor.java:284)
	... 39 more
Caused by: java.lang.NoClassDefFoundError: Lnet/sf/ehcache/CacheManager;
	at java.lang.Class.getDeclaredFields0(Native Method)
	at java.lang.Class.privateGetDeclaredFields(Class.java:2300)
	at java.lang.Class.getDeclaredFields(Class.java:1745)
	at org.springframework.orm.jpa.support.PersistenceAnnotationBeanPostProcessor.findPersistenceMetadata(PersistenceAnnotationBeanPostProcessor.java:373)
	at org.springframework.orm.jpa.support.PersistenceAnnotationBeanPostProcessor.postProcessMergedBeanDefinition(PersistenceAnnotationBeanPostProcessor.java:321)
	at org.springframework.beans.factory.support.AbstractAutowireCapableBeanFactory.applyMergedBeanDefinitionPostProcessors(AbstractAutowireCapableBeanFactory.java:830)
	at org.springframework.beans.factory.support.AbstractAutowireCapableBeanFactory.doCreateBean(AbstractAutowireCapableBeanFactory.java:493)
	at org.springframework.beans.factory.support.AbstractAutowireCapableBeanFactory.createBean(AbstractAutowireCapableBeanFactory.java:456)
	at org.springframework.beans.factory.support.AbstractBeanFactory$1.getObject(AbstractBeanFactory.java:294)
	at org.springframework.beans.factory.support.DefaultSingletonBeanRegistry.getSingleton(DefaultSingletonBeanRegistry.java:225)
	at org.springframework.beans.factory.support.AbstractBeanFactory.doGetBean(AbstractBeanFactory.java:291)
	at org.springframework.beans.factory.support.AbstractBeanFactory.getTypeForFactoryBean(AbstractBeanFactory.java:1356)
	at org.springframework.beans.factory.support.AbstractAutowireCapableBeanFactory.getTypeForFactoryBean(AbstractAutowireCapableBeanFactory.java:710)
	at org.springframework.beans.factory.support.AbstractBeanFactory.isTypeMatch(AbstractBeanFactory.java:519)
	at org.springframework.beans.factory.support.DefaultListableBeanFactory.doGetBeanNamesForType(DefaultListableBeanFactory.java:342)
	at org.springframework.beans.factory.support.DefaultListableBeanFactory.getBeanNamesForType(DefaultListableBeanFactory.java:320)
	at org.springframework.beans.factory.BeanFactoryUtils.beanNamesForTypeIncludingAncestors(BeanFactoryUtils.java:187)
	at org.springframework.beans.factory.support.DefaultListableBeanFactory.findAutowireCandidates(DefaultListableBeanFactory.java:861)
	at org.springframework.beans.factory.support.DefaultListableBeanFactory.doResolveDependency(DefaultListableBeanFactory.java:818)
	at org.springframework.beans.factory.support.DefaultListableBeanFactory.resolveDependency(DefaultListableBeanFactory.java:735)
	at org.springframework.beans.factory.annotation.AutowiredAnnotationBeanPostProcessor$AutowiredFieldElement.inject(AutowiredAnnotationBeanPostProcessor.java:484)
	... 41 more
Caused by: java.lang.ClassNotFoundException: net.sf.ehcache.CacheManager
	at java.net.URLClassLoader$1.run(URLClassLoader.java:202)
	at java.security.AccessController.doPrivileged(Native Method)
	at java.net.URLClassLoader.findClass(URLClassLoader.java:190)
	at java.lang.ClassLoader.loadClass(ClassLoader.java:306)
	at sun.misc.Launcher$AppClassLoader.loadClass(Launcher.java:301)
	at java.lang.ClassLoader.loadClass(ClassLoader.java:247)
	... 62 more
2014-09-19 15:05:58,357-[TS] INFO main org.springframework.test.context.TestContextManager - @TestExecutionListeners is not present for class [class org.zhubao.service.UserServiceTest]: using defaults.
2014-09-19 15:05:58,469-[TS] INFO main org.springframework.beans.factory.xml.XmlBeanDefinitionReader - Loading XML bean definitions from class path resource [applicationContext.xml]
2014-09-19 15:05:58,604-[TS] INFO main org.springframework.context.annotation.ClassPathBeanDefinitionScanner - JSR-250 'javax.annotation.ManagedBean' found and supported for component scanning
2014-09-19 15:05:58,751-[TS] INFO main org.springframework.context.support.GenericApplicationContext - Refreshing org.springframework.context.support.GenericApplicationContext@1abab88: startup date [Fri Sep 19 15:05:58 CST 2014]; root of context hierarchy
2014-09-19 15:05:58,829-[TS] INFO main org.springframework.context.annotation.ClassPathBeanDefinitionScanner - JSR-250 'javax.annotation.ManagedBean' found and supported for component scanning
2014-09-19 15:05:58,941-[TS] INFO main org.springframework.beans.factory.config.PropertyPlaceholderConfigurer - Loading properties file from class path resource [config.properties]
2014-09-19 15:05:58,977-[TS] INFO main org.springframework.scheduling.concurrent.ThreadPoolTaskExecutor - Initializing ExecutorService 
2014-09-19 15:05:58,979-[TS] INFO main org.springframework.context.support.GenericApplicationContext - Bean 'executor' of type [class org.springframework.scheduling.config.TaskExecutorFactoryBean] is not eligible for getting processed by all BeanPostProcessors (for example: not eligible for auto-proxying)
2014-09-19 15:05:58,981-[TS] INFO main org.springframework.context.support.GenericApplicationContext - Bean 'executor' of type [class org.springframework.scheduling.concurrent.ThreadPoolTaskExecutor] is not eligible for getting processed by all BeanPostProcessors (for example: not eligible for auto-proxying)
2014-09-19 15:05:59,010-[TS] INFO main org.springframework.scheduling.concurrent.ThreadPoolTaskScheduler - Initializing ExecutorService  'scheduler'
2014-09-19 15:05:59,012-[TS] INFO main org.springframework.context.support.GenericApplicationContext - Bean 'scheduler' of type [class org.springframework.scheduling.concurrent.ThreadPoolTaskScheduler] is not eligible for getting processed by all BeanPostProcessors (for example: not eligible for auto-proxying)
2014-09-19 15:05:59,031-[TS] INFO main org.springframework.beans.factory.support.DefaultListableBeanFactory - Pre-instantiating singletons in org.springframework.beans.factory.support.DefaultListableBeanFactory@888e6c: defining beans [userServiceImpl,application,messagePrinter,springTaskDemo,org.springframework.context.annotation.internalConfigurationAnnotationProcessor,org.springframework.context.annotation.internalAutowiredAnnotationProcessor,org.springframework.context.annotation.internalRequiredAnnotationProcessor,org.springframework.context.annotation.internalCommonAnnotationProcessor,org.springframework.context.annotation.internalPersistenceAnnotationProcessor,executor,scheduler,org.springframework.context.annotation.internalAsyncAnnotationProcessor,org.springframework.context.annotation.internalScheduledAnnotationProcessor,propertyConfigurer,dataSource,entityManagerFactory,transactionManager,cacheManagerFactory,org.springframework.aop.config.internalAutoProxyCreator,org.springframework.cache.annotation.AnnotationCacheOperationSource#0,org.springframework.cache.interceptor.CacheInterceptor#0,org.springframework.cache.config.internalCacheAdvisor,cacheManager,org.springframework.transaction.annotation.AnnotationTransactionAttributeSource#0,org.springframework.transaction.interceptor.TransactionInterceptor#0,org.springframework.transaction.config.internalTransactionAdvisor,userDAOImpl,userDAO,org.springframework.data.repository.core.support.RepositoryInterfaceAwareBeanPostProcessor#0,org.springframework.context.annotation.ConfigurationClassPostProcessor$ImportAwareBeanPostProcessor#0,mockMessageService]; root of factory hierarchy
2014-09-19 15:05:59,128-[TS] INFO main org.springframework.orm.jpa.LocalContainerEntityManagerFactoryBean - Building JPA container EntityManagerFactory for persistence unit 'jpaDemo'
2014-09-19 15:05:59,240-[TS] INFO main org.hibernate.annotations.common.Version - HCANN000001: Hibernate Commons Annotations {4.0.1.Final}
2014-09-19 15:05:59,247-[TS] INFO main org.hibernate.Version - HHH000412: Hibernate Core {4.1.2}
2014-09-19 15:05:59,249-[TS] INFO main org.hibernate.cfg.Environment - HHH000206: hibernate.properties not found
2014-09-19 15:05:59,251-[TS] INFO main org.hibernate.cfg.Environment - HHH000021: Bytecode provider name : javassist
2014-09-19 15:05:59,269-[TS] INFO main org.hibernate.ejb.Ejb3Configuration - HHH000204: Processing PersistenceUnitInfo [
	name: jpaDemo
	...]
2014-09-19 15:05:59,449-[TS] INFO main org.hibernate.service.jdbc.connections.internal.ConnectionProviderInitiator - HHH000130: Instantiating explicit connection provider: org.hibernate.ejb.connection.InjectedDataSourceConnectionProvider
2014-09-19 15:05:59,678-[TS] INFO main org.hibernate.dialect.Dialect - HHH000400: Using dialect: org.hibernate.dialect.MySQLDialect
2014-09-19 15:05:59,685-[TS] INFO main org.hibernate.engine.jdbc.internal.LobCreatorBuilder - HHH000424: Disabling contextual LOB creation as createClob() method threw error : java.lang.reflect.InvocationTargetException
2014-09-19 15:05:59,694-[TS] INFO main org.hibernate.engine.transaction.internal.TransactionFactoryInitiator - HHH000268: Transaction strategy: org.hibernate.engine.transaction.internal.jdbc.JdbcTransactionFactory
2014-09-19 15:05:59,698-[TS] INFO main org.hibernate.hql.internal.ast.ASTQueryTranslatorFactory - HHH000397: Using ASTQueryTranslatorFactory
2014-09-19 15:05:59,730-[TS] INFO main org.hibernate.validator.util.Version - Hibernate Validator 4.2.0.Final
2014-09-19 15:05:59,929-[TS] INFO main org.hibernate.tool.hbm2ddl.SchemaUpdate - HHH000228: Running hbm2ddl schema update
2014-09-19 15:05:59,929-[TS] INFO main org.hibernate.tool.hbm2ddl.SchemaUpdate - HHH000102: Fetching database metadata
2014-09-19 15:05:59,932-[TS] INFO main org.hibernate.tool.hbm2ddl.SchemaUpdate - HHH000396: Updating schema
2014-09-19 15:05:59,948-[TS] INFO main org.hibernate.tool.hbm2ddl.TableMetadata - HHH000261: Table found: SpringJpaData.s_user
2014-09-19 15:05:59,949-[TS] INFO main org.hibernate.tool.hbm2ddl.TableMetadata - HHH000037: Columns: [sex, username, borndate, email, userid, password]
2014-09-19 15:05:59,949-[TS] INFO main org.hibernate.tool.hbm2ddl.TableMetadata - HHH000108: Foreign keys: []
2014-09-19 15:05:59,949-[TS] INFO main org.hibernate.tool.hbm2ddl.TableMetadata - HHH000126: Indexes: [primary]
2014-09-19 15:05:59,951-[TS] INFO main org.hibernate.tool.hbm2ddl.SchemaUpdate - HHH000232: Schema update complete
2014-09-19 15:06:00,354-[TS] INFO main org.springframework.cache.ehcache.EhCacheManagerFactoryBean - Initializing EHCache CacheManager
2014-09-19 15:06:00,880-[TS] INFO Thread-3 org.springframework.context.support.GenericApplicationContext - Closing org.springframework.context.support.GenericApplicationContext@1abab88: startup date [Fri Sep 19 15:05:58 CST 2014]; root of context hierarchy
2014-09-19 15:06:00,881-[TS] INFO Thread-3 org.springframework.beans.factory.support.DefaultListableBeanFactory - Destroying singletons in org.springframework.beans.factory.support.DefaultListableBeanFactory@888e6c: defining beans [userServiceImpl,application,messagePrinter,springTaskDemo,org.springframework.context.annotation.internalConfigurationAnnotationProcessor,org.springframework.context.annotation.internalAutowiredAnnotationProcessor,org.springframework.context.annotation.internalRequiredAnnotationProcessor,org.springframework.context.annotation.internalCommonAnnotationProcessor,org.springframework.context.annotation.internalPersistenceAnnotationProcessor,executor,scheduler,org.springframework.context.annotation.internalAsyncAnnotationProcessor,org.springframework.context.annotation.internalScheduledAnnotationProcessor,propertyConfigurer,dataSource,entityManagerFactory,transactionManager,cacheManagerFactory,org.springframework.aop.config.internalAutoProxyCreator,org.springframework.cache.annotation.AnnotationCacheOperationSource#0,org.springframework.cache.interceptor.CacheInterceptor#0,org.springframework.cache.config.internalCacheAdvisor,cacheManager,org.springframework.transaction.annotation.AnnotationTransactionAttributeSource#0,org.springframework.transaction.interceptor.TransactionInterceptor#0,org.springframework.transaction.config.internalTransactionAdvisor,userDAOImpl,userDAO,org.springframework.data.repository.core.support.RepositoryInterfaceAwareBeanPostProcessor#0,org.springframework.context.annotation.ConfigurationClassPostProcessor$ImportAwareBeanPostProcessor#0,mockMessageService]; root of factory hierarchy
2014-09-19 15:06:00,881-[TS] INFO Thread-3 org.springframework.cache.ehcache.EhCacheManagerFactoryBean - Shutting down EHCache CacheManager
2014-09-19 15:06:00,898-[TS] INFO Thread-3 org.springframework.orm.jpa.LocalContainerEntityManagerFactoryBean - Closing JPA EntityManagerFactory for persistence unit 'jpaDemo'
2014-09-19 15:06:00,899-[TS] INFO Thread-3 org.springframework.scheduling.concurrent.ThreadPoolTaskScheduler - Shutting down ExecutorService 'scheduler'
2014-09-19 15:06:00,899-[TS] INFO Thread-3 org.springframework.scheduling.concurrent.ThreadPoolTaskExecutor - Shutting down ExecutorService
2014-09-19 15:08:37,530-[TS] INFO main org.springframework.test.context.TestContextManager - @TestExecutionListeners is not present for class [class org.zhubao.service.UserServiceTest]: using defaults.
2014-09-19 15:08:37,639-[TS] INFO main org.springframework.beans.factory.xml.XmlBeanDefinitionReader - Loading XML bean definitions from class path resource [applicationContext.xml]
2014-09-19 15:08:37,761-[TS] INFO main org.springframework.context.annotation.ClassPathBeanDefinitionScanner - JSR-250 'javax.annotation.ManagedBean' found and supported for component scanning
2014-09-19 15:08:37,899-[TS] INFO main org.springframework.context.support.GenericApplicationContext - Refreshing org.springframework.context.support.GenericApplicationContext@1abab88: startup date [Fri Sep 19 15:08:37 CST 2014]; root of context hierarchy
2014-09-19 15:08:37,977-[TS] INFO main org.springframework.context.annotation.ClassPathBeanDefinitionScanner - JSR-250 'javax.annotation.ManagedBean' found and supported for component scanning
2014-09-19 15:08:38,085-[TS] INFO main org.springframework.beans.factory.config.PropertyPlaceholderConfigurer - Loading properties file from class path resource [config.properties]
2014-09-19 15:08:38,119-[TS] INFO main org.springframework.scheduling.concurrent.ThreadPoolTaskExecutor - Initializing ExecutorService 
2014-09-19 15:08:38,121-[TS] INFO main org.springframework.context.support.GenericApplicationContext - Bean 'executor' of type [class org.springframework.scheduling.config.TaskExecutorFactoryBean] is not eligible for getting processed by all BeanPostProcessors (for example: not eligible for auto-proxying)
2014-09-19 15:08:38,123-[TS] INFO main org.springframework.context.support.GenericApplicationContext - Bean 'executor' of type [class org.springframework.scheduling.concurrent.ThreadPoolTaskExecutor] is not eligible for getting processed by all BeanPostProcessors (for example: not eligible for auto-proxying)
2014-09-19 15:08:38,149-[TS] INFO main org.springframework.scheduling.concurrent.ThreadPoolTaskScheduler - Initializing ExecutorService  'scheduler'
2014-09-19 15:08:38,150-[TS] INFO main org.springframework.context.support.GenericApplicationContext - Bean 'scheduler' of type [class org.springframework.scheduling.concurrent.ThreadPoolTaskScheduler] is not eligible for getting processed by all BeanPostProcessors (for example: not eligible for auto-proxying)
2014-09-19 15:08:38,169-[TS] INFO main org.springframework.beans.factory.support.DefaultListableBeanFactory - Pre-instantiating singletons in org.springframework.beans.factory.support.DefaultListableBeanFactory@888e6c: defining beans [userServiceImpl,application,messagePrinter,springTaskDemo,org.springframework.context.annotation.internalConfigurationAnnotationProcessor,org.springframework.context.annotation.internalAutowiredAnnotationProcessor,org.springframework.context.annotation.internalRequiredAnnotationProcessor,org.springframework.context.annotation.internalCommonAnnotationProcessor,org.springframework.context.annotation.internalPersistenceAnnotationProcessor,executor,scheduler,org.springframework.context.annotation.internalAsyncAnnotationProcessor,org.springframework.context.annotation.internalScheduledAnnotationProcessor,propertyConfigurer,dataSource,entityManagerFactory,transactionManager,cacheManagerFactory,org.springframework.aop.config.internalAutoProxyCreator,org.springframework.cache.annotation.AnnotationCacheOperationSource#0,org.springframework.cache.interceptor.CacheInterceptor#0,org.springframework.cache.config.internalCacheAdvisor,cacheManager,org.springframework.transaction.annotation.AnnotationTransactionAttributeSource#0,org.springframework.transaction.interceptor.TransactionInterceptor#0,org.springframework.transaction.config.internalTransactionAdvisor,userDAOImpl,userDAO,org.springframework.data.repository.core.support.RepositoryInterfaceAwareBeanPostProcessor#0,org.springframework.context.annotation.ConfigurationClassPostProcessor$ImportAwareBeanPostProcessor#0,mockMessageService]; root of factory hierarchy
2014-09-19 15:08:38,262-[TS] INFO main org.springframework.orm.jpa.LocalContainerEntityManagerFactoryBean - Building JPA container EntityManagerFactory for persistence unit 'jpaDemo'
2014-09-19 15:08:38,373-[TS] INFO main org.hibernate.annotations.common.Version - HCANN000001: Hibernate Commons Annotations {4.0.1.Final}
2014-09-19 15:08:38,378-[TS] INFO main org.hibernate.Version - HHH000412: Hibernate Core {4.1.2}
2014-09-19 15:08:38,380-[TS] INFO main org.hibernate.cfg.Environment - HHH000206: hibernate.properties not found
2014-09-19 15:08:38,382-[TS] INFO main org.hibernate.cfg.Environment - HHH000021: Bytecode provider name : javassist
2014-09-19 15:08:38,400-[TS] INFO main org.hibernate.ejb.Ejb3Configuration - HHH000204: Processing PersistenceUnitInfo [
	name: jpaDemo
	...]
2014-09-19 15:08:38,576-[TS] INFO main org.hibernate.service.jdbc.connections.internal.ConnectionProviderInitiator - HHH000130: Instantiating explicit connection provider: org.hibernate.ejb.connection.InjectedDataSourceConnectionProvider
2014-09-19 15:08:38,796-[TS] INFO main org.hibernate.dialect.Dialect - HHH000400: Using dialect: org.hibernate.dialect.MySQLDialect
2014-09-19 15:08:38,804-[TS] INFO main org.hibernate.engine.jdbc.internal.LobCreatorBuilder - HHH000424: Disabling contextual LOB creation as createClob() method threw error : java.lang.reflect.InvocationTargetException
2014-09-19 15:08:38,812-[TS] INFO main org.hibernate.engine.transaction.internal.TransactionFactoryInitiator - HHH000268: Transaction strategy: org.hibernate.engine.transaction.internal.jdbc.JdbcTransactionFactory
2014-09-19 15:08:38,816-[TS] INFO main org.hibernate.hql.internal.ast.ASTQueryTranslatorFactory - HHH000397: Using ASTQueryTranslatorFactory
2014-09-19 15:08:38,847-[TS] INFO main org.hibernate.validator.util.Version - Hibernate Validator 4.2.0.Final
2014-09-19 15:08:39,045-[TS] INFO main org.hibernate.tool.hbm2ddl.SchemaUpdate - HHH000228: Running hbm2ddl schema update
2014-09-19 15:08:39,045-[TS] INFO main org.hibernate.tool.hbm2ddl.SchemaUpdate - HHH000102: Fetching database metadata
2014-09-19 15:08:39,048-[TS] INFO main org.hibernate.tool.hbm2ddl.SchemaUpdate - HHH000396: Updating schema
2014-09-19 15:08:39,064-[TS] INFO main org.hibernate.tool.hbm2ddl.TableMetadata - HHH000261: Table found: SpringJpaData.s_user
2014-09-19 15:08:39,064-[TS] INFO main org.hibernate.tool.hbm2ddl.TableMetadata - HHH000037: Columns: [sex, username, borndate, email, userid, password]
2014-09-19 15:08:39,064-[TS] INFO main org.hibernate.tool.hbm2ddl.TableMetadata - HHH000108: Foreign keys: []
2014-09-19 15:08:39,065-[TS] INFO main org.hibernate.tool.hbm2ddl.TableMetadata - HHH000126: Indexes: [primary]
2014-09-19 15:08:39,065-[TS] INFO main org.hibernate.tool.hbm2ddl.SchemaUpdate - HHH000232: Schema update complete
2014-09-19 15:08:39,473-[TS] INFO main org.springframework.cache.ehcache.EhCacheManagerFactoryBean - Initializing EHCache CacheManager
2014-09-19 15:08:39,857-[TS] INFO Thread-3 org.springframework.context.support.GenericApplicationContext - Closing org.springframework.context.support.GenericApplicationContext@1abab88: startup date [Fri Sep 19 15:08:37 CST 2014]; root of context hierarchy
2014-09-19 15:08:39,858-[TS] INFO Thread-3 org.springframework.beans.factory.support.DefaultListableBeanFactory - Destroying singletons in org.springframework.beans.factory.support.DefaultListableBeanFactory@888e6c: defining beans [userServiceImpl,application,messagePrinter,springTaskDemo,org.springframework.context.annotation.internalConfigurationAnnotationProcessor,org.springframework.context.annotation.internalAutowiredAnnotationProcessor,org.springframework.context.annotation.internalRequiredAnnotationProcessor,org.springframework.context.annotation.internalCommonAnnotationProcessor,org.springframework.context.annotation.internalPersistenceAnnotationProcessor,executor,scheduler,org.springframework.context.annotation.internalAsyncAnnotationProcessor,org.springframework.context.annotation.internalScheduledAnnotationProcessor,propertyConfigurer,dataSource,entityManagerFactory,transactionManager,cacheManagerFactory,org.springframework.aop.config.internalAutoProxyCreator,org.springframework.cache.annotation.AnnotationCacheOperationSource#0,org.springframework.cache.interceptor.CacheInterceptor#0,org.springframework.cache.config.internalCacheAdvisor,cacheManager,org.springframework.transaction.annotation.AnnotationTransactionAttributeSource#0,org.springframework.transaction.interceptor.TransactionInterceptor#0,org.springframework.transaction.config.internalTransactionAdvisor,userDAOImpl,userDAO,org.springframework.data.repository.core.support.RepositoryInterfaceAwareBeanPostProcessor#0,org.springframework.context.annotation.ConfigurationClassPostProcessor$ImportAwareBeanPostProcessor#0,mockMessageService]; root of factory hierarchy
2014-09-19 15:08:39,858-[TS] INFO Thread-3 org.springframework.cache.ehcache.EhCacheManagerFactoryBean - Shutting down EHCache CacheManager
2014-09-19 15:08:39,862-[TS] INFO Thread-3 org.springframework.orm.jpa.LocalContainerEntityManagerFactoryBean - Closing JPA EntityManagerFactory for persistence unit 'jpaDemo'
2014-09-19 15:08:39,863-[TS] INFO Thread-3 org.springframework.scheduling.concurrent.ThreadPoolTaskScheduler - Shutting down ExecutorService 'scheduler'
2014-09-19 15:08:39,864-[TS] INFO Thread-3 org.springframework.scheduling.concurrent.ThreadPoolTaskExecutor - Shutting down ExecutorService
2014-09-19 15:09:27,121-[TS] INFO main org.springframework.test.context.TestContextManager - @TestExecutionListeners is not present for class [class org.zhubao.service.UserServiceTest]: using defaults.
2014-09-19 15:09:47,498-[TS] INFO main org.springframework.test.context.TestContextManager - @TestExecutionListeners is not present for class [class org.zhubao.service.UserServiceTest]: using defaults.
2014-09-19 15:09:47,603-[TS] INFO main org.springframework.beans.factory.xml.XmlBeanDefinitionReader - Loading XML bean definitions from class path resource [applicationContext.xml]
2014-09-19 15:09:47,727-[TS] INFO main org.springframework.context.annotation.ClassPathBeanDefinitionScanner - JSR-250 'javax.annotation.ManagedBean' found and supported for component scanning
2014-09-19 15:09:47,870-[TS] INFO main org.springframework.context.support.GenericApplicationContext - Refreshing org.springframework.context.support.GenericApplicationContext@1abab88: startup date [Fri Sep 19 15:09:47 CST 2014]; root of context hierarchy
2014-09-19 15:09:47,948-[TS] INFO main org.springframework.context.annotation.ClassPathBeanDefinitionScanner - JSR-250 'javax.annotation.ManagedBean' found and supported for component scanning
2014-09-19 15:09:48,058-[TS] INFO main org.springframework.beans.factory.config.PropertyPlaceholderConfigurer - Loading properties file from class path resource [config.properties]
2014-09-19 15:09:48,092-[TS] INFO main org.springframework.scheduling.concurrent.ThreadPoolTaskExecutor - Initializing ExecutorService 
2014-09-19 15:09:48,095-[TS] INFO main org.springframework.context.support.GenericApplicationContext - Bean 'executor' of type [class org.springframework.scheduling.config.TaskExecutorFactoryBean] is not eligible for getting processed by all BeanPostProcessors (for example: not eligible for auto-proxying)
2014-09-19 15:09:48,096-[TS] INFO main org.springframework.context.support.GenericApplicationContext - Bean 'executor' of type [class org.springframework.scheduling.concurrent.ThreadPoolTaskExecutor] is not eligible for getting processed by all BeanPostProcessors (for example: not eligible for auto-proxying)
2014-09-19 15:09:48,124-[TS] INFO main org.springframework.scheduling.concurrent.ThreadPoolTaskScheduler - Initializing ExecutorService  'scheduler'
2014-09-19 15:09:48,125-[TS] INFO main org.springframework.context.support.GenericApplicationContext - Bean 'scheduler' of type [class org.springframework.scheduling.concurrent.ThreadPoolTaskScheduler] is not eligible for getting processed by all BeanPostProcessors (for example: not eligible for auto-proxying)
2014-09-19 15:09:48,144-[TS] INFO main org.springframework.beans.factory.support.DefaultListableBeanFactory - Pre-instantiating singletons in org.springframework.beans.factory.support.DefaultListableBeanFactory@888e6c: defining beans [userServiceImpl,application,messagePrinter,springTaskDemo,org.springframework.context.annotation.internalConfigurationAnnotationProcessor,org.springframework.context.annotation.internalAutowiredAnnotationProcessor,org.springframework.context.annotation.internalRequiredAnnotationProcessor,org.springframework.context.annotation.internalCommonAnnotationProcessor,org.springframework.context.annotation.internalPersistenceAnnotationProcessor,executor,scheduler,org.springframework.context.annotation.internalAsyncAnnotationProcessor,org.springframework.context.annotation.internalScheduledAnnotationProcessor,propertyConfigurer,dataSource,entityManagerFactory,transactionManager,cacheManagerFactory,org.springframework.aop.config.internalAutoProxyCreator,org.springframework.cache.annotation.AnnotationCacheOperationSource#0,org.springframework.cache.interceptor.CacheInterceptor#0,org.springframework.cache.config.internalCacheAdvisor,cacheManager,org.springframework.transaction.annotation.AnnotationTransactionAttributeSource#0,org.springframework.transaction.interceptor.TransactionInterceptor#0,org.springframework.transaction.config.internalTransactionAdvisor,userDAOImpl,userDAO,org.springframework.data.repository.core.support.RepositoryInterfaceAwareBeanPostProcessor#0,org.springframework.context.annotation.ConfigurationClassPostProcessor$ImportAwareBeanPostProcessor#0,mockMessageService]; root of factory hierarchy
2014-09-19 15:09:48,241-[TS] INFO main org.springframework.orm.jpa.LocalContainerEntityManagerFactoryBean - Building JPA container EntityManagerFactory for persistence unit 'jpaDemo'
2014-09-19 15:09:48,352-[TS] INFO main org.hibernate.annotations.common.Version - HCANN000001: Hibernate Commons Annotations {4.0.1.Final}
2014-09-19 15:09:48,357-[TS] INFO main org.hibernate.Version - HHH000412: Hibernate Core {4.1.2}
2014-09-19 15:09:48,359-[TS] INFO main org.hibernate.cfg.Environment - HHH000206: hibernate.properties not found
2014-09-19 15:09:48,361-[TS] INFO main org.hibernate.cfg.Environment - HHH000021: Bytecode provider name : javassist
2014-09-19 15:09:48,379-[TS] INFO main org.hibernate.ejb.Ejb3Configuration - HHH000204: Processing PersistenceUnitInfo [
	name: jpaDemo
	...]
2014-09-19 15:09:48,555-[TS] INFO main org.hibernate.service.jdbc.connections.internal.ConnectionProviderInitiator - HHH000130: Instantiating explicit connection provider: org.hibernate.ejb.connection.InjectedDataSourceConnectionProvider
2014-09-19 15:09:48,779-[TS] INFO main org.hibernate.dialect.Dialect - HHH000400: Using dialect: org.hibernate.dialect.MySQLDialect
2014-09-19 15:09:48,786-[TS] INFO main org.hibernate.engine.jdbc.internal.LobCreatorBuilder - HHH000424: Disabling contextual LOB creation as createClob() method threw error : java.lang.reflect.InvocationTargetException
2014-09-19 15:09:48,795-[TS] INFO main org.hibernate.engine.transaction.internal.TransactionFactoryInitiator - HHH000268: Transaction strategy: org.hibernate.engine.transaction.internal.jdbc.JdbcTransactionFactory
2014-09-19 15:09:48,799-[TS] INFO main org.hibernate.hql.internal.ast.ASTQueryTranslatorFactory - HHH000397: Using ASTQueryTranslatorFactory
2014-09-19 15:09:48,831-[TS] INFO main org.hibernate.validator.util.Version - Hibernate Validator 4.2.0.Final
2014-09-19 15:09:49,035-[TS] INFO main org.hibernate.tool.hbm2ddl.SchemaUpdate - HHH000228: Running hbm2ddl schema update
2014-09-19 15:09:49,036-[TS] INFO main org.hibernate.tool.hbm2ddl.SchemaUpdate - HHH000102: Fetching database metadata
2014-09-19 15:09:49,038-[TS] INFO main org.hibernate.tool.hbm2ddl.SchemaUpdate - HHH000396: Updating schema
2014-09-19 15:09:49,055-[TS] INFO main org.hibernate.tool.hbm2ddl.TableMetadata - HHH000261: Table found: SpringJpaData.s_user
2014-09-19 15:09:49,055-[TS] INFO main org.hibernate.tool.hbm2ddl.TableMetadata - HHH000037: Columns: [sex, username, borndate, email, userid, password]
2014-09-19 15:09:49,056-[TS] INFO main org.hibernate.tool.hbm2ddl.TableMetadata - HHH000108: Foreign keys: []
2014-09-19 15:09:49,056-[TS] INFO main org.hibernate.tool.hbm2ddl.TableMetadata - HHH000126: Indexes: [primary]
2014-09-19 15:09:49,057-[TS] INFO main org.hibernate.tool.hbm2ddl.SchemaUpdate - HHH000232: Schema update complete
2014-09-19 15:09:49,456-[TS] INFO main org.springframework.cache.ehcache.EhCacheManagerFactoryBean - Initializing EHCache CacheManager
2014-09-19 15:09:52,744-[TS] INFO Thread-3 org.springframework.context.support.GenericApplicationContext - Closing org.springframework.context.support.GenericApplicationContext@1abab88: startup date [Fri Sep 19 15:09:47 CST 2014]; root of context hierarchy
2014-09-19 15:09:52,745-[TS] INFO Thread-3 org.springframework.beans.factory.support.DefaultListableBeanFactory - Destroying singletons in org.springframework.beans.factory.support.DefaultListableBeanFactory@888e6c: defining beans [userServiceImpl,application,messagePrinter,springTaskDemo,org.springframework.context.annotation.internalConfigurationAnnotationProcessor,org.springframework.context.annotation.internalAutowiredAnnotationProcessor,org.springframework.context.annotation.internalRequiredAnnotationProcessor,org.springframework.context.annotation.internalCommonAnnotationProcessor,org.springframework.context.annotation.internalPersistenceAnnotationProcessor,executor,scheduler,org.springframework.context.annotation.internalAsyncAnnotationProcessor,org.springframework.context.annotation.internalScheduledAnnotationProcessor,propertyConfigurer,dataSource,entityManagerFactory,transactionManager,cacheManagerFactory,org.springframework.aop.config.internalAutoProxyCreator,org.springframework.cache.annotation.AnnotationCacheOperationSource#0,org.springframework.cache.interceptor.CacheInterceptor#0,org.springframework.cache.config.internalCacheAdvisor,cacheManager,org.springframework.transaction.annotation.AnnotationTransactionAttributeSource#0,org.springframework.transaction.interceptor.TransactionInterceptor#0,org.springframework.transaction.config.internalTransactionAdvisor,userDAOImpl,userDAO,org.springframework.data.repository.core.support.RepositoryInterfaceAwareBeanPostProcessor#0,org.springframework.context.annotation.ConfigurationClassPostProcessor$ImportAwareBeanPostProcessor#0,mockMessageService]; root of factory hierarchy
2014-09-19 15:09:52,746-[TS] INFO Thread-3 org.springframework.cache.ehcache.EhCacheManagerFactoryBean - Shutting down EHCache CacheManager
2014-09-19 15:09:52,753-[TS] INFO Thread-3 org.springframework.orm.jpa.LocalContainerEntityManagerFactoryBean - Closing JPA EntityManagerFactory for persistence unit 'jpaDemo'
2014-09-19 15:09:52,755-[TS] INFO Thread-3 org.springframework.scheduling.concurrent.ThreadPoolTaskScheduler - Shutting down ExecutorService 'scheduler'
2014-09-19 15:09:52,756-[TS] INFO Thread-3 org.springframework.scheduling.concurrent.ThreadPoolTaskExecutor - Shutting down ExecutorService
2014-09-19 15:10:10,156-[TS] INFO main org.springframework.test.context.TestContextManager - @TestExecutionListeners is not present for class [class org.zhubao.service.UserServiceTest]: using defaults.
2014-09-19 15:10:10,266-[TS] INFO main org.springframework.beans.factory.xml.XmlBeanDefinitionReader - Loading XML bean definitions from class path resource [applicationContext.xml]
2014-09-19 15:10:10,389-[TS] INFO main org.springframework.context.annotation.ClassPathBeanDefinitionScanner - JSR-250 'javax.annotation.ManagedBean' found and supported for component scanning
2014-09-19 15:10:10,530-[TS] INFO main org.springframework.context.support.GenericApplicationContext - Refreshing org.springframework.context.support.GenericApplicationContext@1abab88: startup date [Fri Sep 19 15:10:10 CST 2014]; root of context hierarchy
2014-09-19 15:10:10,605-[TS] INFO main org.springframework.context.annotation.ClassPathBeanDefinitionScanner - JSR-250 'javax.annotation.ManagedBean' found and supported for component scanning
2014-09-19 15:10:10,716-[TS] INFO main org.springframework.beans.factory.config.PropertyPlaceholderConfigurer - Loading properties file from class path resource [config.properties]
2014-09-19 15:10:10,749-[TS] INFO main org.springframework.scheduling.concurrent.ThreadPoolTaskExecutor - Initializing ExecutorService 
2014-09-19 15:10:10,751-[TS] INFO main org.springframework.context.support.GenericApplicationContext - Bean 'executor' of type [class org.springframework.scheduling.config.TaskExecutorFactoryBean] is not eligible for getting processed by all BeanPostProcessors (for example: not eligible for auto-proxying)
2014-09-19 15:10:10,753-[TS] INFO main org.springframework.context.support.GenericApplicationContext - Bean 'executor' of type [class org.springframework.scheduling.concurrent.ThreadPoolTaskExecutor] is not eligible for getting processed by all BeanPostProcessors (for example: not eligible for auto-proxying)
2014-09-19 15:10:10,780-[TS] INFO main org.springframework.scheduling.concurrent.ThreadPoolTaskScheduler - Initializing ExecutorService  'scheduler'
2014-09-19 15:10:10,781-[TS] INFO main org.springframework.context.support.GenericApplicationContext - Bean 'scheduler' of type [class org.springframework.scheduling.concurrent.ThreadPoolTaskScheduler] is not eligible for getting processed by all BeanPostProcessors (for example: not eligible for auto-proxying)
2014-09-19 15:10:10,800-[TS] INFO main org.springframework.beans.factory.support.DefaultListableBeanFactory - Pre-instantiating singletons in org.springframework.beans.factory.support.DefaultListableBeanFactory@888e6c: defining beans [userServiceImpl,application,messagePrinter,springTaskDemo,org.springframework.context.annotation.internalConfigurationAnnotationProcessor,org.springframework.context.annotation.internalAutowiredAnnotationProcessor,org.springframework.context.annotation.internalRequiredAnnotationProcessor,org.springframework.context.annotation.internalCommonAnnotationProcessor,org.springframework.context.annotation.internalPersistenceAnnotationProcessor,executor,scheduler,org.springframework.context.annotation.internalAsyncAnnotationProcessor,org.springframework.context.annotation.internalScheduledAnnotationProcessor,propertyConfigurer,dataSource,entityManagerFactory,transactionManager,cacheManagerFactory,org.springframework.aop.config.internalAutoProxyCreator,org.springframework.cache.annotation.AnnotationCacheOperationSource#0,org.springframework.cache.interceptor.CacheInterceptor#0,org.springframework.cache.config.internalCacheAdvisor,cacheManager,org.springframework.transaction.annotation.AnnotationTransactionAttributeSource#0,org.springframework.transaction.interceptor.TransactionInterceptor#0,org.springframework.transaction.config.internalTransactionAdvisor,userDAOImpl,userDAO,org.springframework.data.repository.core.support.RepositoryInterfaceAwareBeanPostProcessor#0,org.springframework.context.annotation.ConfigurationClassPostProcessor$ImportAwareBeanPostProcessor#0,mockMessageService]; root of factory hierarchy
2014-09-19 15:10:10,893-[TS] INFO main org.springframework.orm.jpa.LocalContainerEntityManagerFactoryBean - Building JPA container EntityManagerFactory for persistence unit 'jpaDemo'
2014-09-19 15:10:11,003-[TS] INFO main org.hibernate.annotations.common.Version - HCANN000001: Hibernate Commons Annotations {4.0.1.Final}
2014-09-19 15:10:11,009-[TS] INFO main org.hibernate.Version - HHH000412: Hibernate Core {4.1.2}
2014-09-19 15:10:11,011-[TS] INFO main org.hibernate.cfg.Environment - HHH000206: hibernate.properties not found
2014-09-19 15:10:11,013-[TS] INFO main org.hibernate.cfg.Environment - HHH000021: Bytecode provider name : javassist
2014-09-19 15:10:11,032-[TS] INFO main org.hibernate.ejb.Ejb3Configuration - HHH000204: Processing PersistenceUnitInfo [
	name: jpaDemo
	...]
2014-09-19 15:10:11,205-[TS] INFO main org.hibernate.service.jdbc.connections.internal.ConnectionProviderInitiator - HHH000130: Instantiating explicit connection provider: org.hibernate.ejb.connection.InjectedDataSourceConnectionProvider
2014-09-19 15:10:11,427-[TS] INFO main org.hibernate.dialect.Dialect - HHH000400: Using dialect: org.hibernate.dialect.MySQLDialect
2014-09-19 15:10:11,434-[TS] INFO main org.hibernate.engine.jdbc.internal.LobCreatorBuilder - HHH000424: Disabling contextual LOB creation as createClob() method threw error : java.lang.reflect.InvocationTargetException
2014-09-19 15:10:11,442-[TS] INFO main org.hibernate.engine.transaction.internal.TransactionFactoryInitiator - HHH000268: Transaction strategy: org.hibernate.engine.transaction.internal.jdbc.JdbcTransactionFactory
2014-09-19 15:10:11,446-[TS] INFO main org.hibernate.hql.internal.ast.ASTQueryTranslatorFactory - HHH000397: Using ASTQueryTranslatorFactory
2014-09-19 15:10:11,478-[TS] INFO main org.hibernate.validator.util.Version - Hibernate Validator 4.2.0.Final
2014-09-19 15:10:11,676-[TS] INFO main org.hibernate.tool.hbm2ddl.SchemaUpdate - HHH000228: Running hbm2ddl schema update
2014-09-19 15:10:11,676-[TS] INFO main org.hibernate.tool.hbm2ddl.SchemaUpdate - HHH000102: Fetching database metadata
2014-09-19 15:10:11,679-[TS] INFO main org.hibernate.tool.hbm2ddl.SchemaUpdate - HHH000396: Updating schema
2014-09-19 15:10:11,696-[TS] INFO main org.hibernate.tool.hbm2ddl.TableMetadata - HHH000261: Table found: SpringJpaData.s_user
2014-09-19 15:10:11,696-[TS] INFO main org.hibernate.tool.hbm2ddl.TableMetadata - HHH000037: Columns: [sex, username, borndate, email, userid, password]
2014-09-19 15:10:11,696-[TS] INFO main org.hibernate.tool.hbm2ddl.TableMetadata - HHH000108: Foreign keys: []
2014-09-19 15:10:11,697-[TS] INFO main org.hibernate.tool.hbm2ddl.TableMetadata - HHH000126: Indexes: [primary]
2014-09-19 15:10:11,697-[TS] INFO main org.hibernate.tool.hbm2ddl.SchemaUpdate - HHH000232: Schema update complete
2014-09-19 15:10:12,095-[TS] INFO main org.springframework.cache.ehcache.EhCacheManagerFactoryBean - Initializing EHCache CacheManager
2014-09-19 15:10:12,484-[TS] INFO Thread-3 org.springframework.context.support.GenericApplicationContext - Closing org.springframework.context.support.GenericApplicationContext@1abab88: startup date [Fri Sep 19 15:10:10 CST 2014]; root of context hierarchy
2014-09-19 15:10:12,485-[TS] INFO Thread-3 org.springframework.beans.factory.support.DefaultListableBeanFactory - Destroying singletons in org.springframework.beans.factory.support.DefaultListableBeanFactory@888e6c: defining beans [userServiceImpl,application,messagePrinter,springTaskDemo,org.springframework.context.annotation.internalConfigurationAnnotationProcessor,org.springframework.context.annotation.internalAutowiredAnnotationProcessor,org.springframework.context.annotation.internalRequiredAnnotationProcessor,org.springframework.context.annotation.internalCommonAnnotationProcessor,org.springframework.context.annotation.internalPersistenceAnnotationProcessor,executor,scheduler,org.springframework.context.annotation.internalAsyncAnnotationProcessor,org.springframework.context.annotation.internalScheduledAnnotationProcessor,propertyConfigurer,dataSource,entityManagerFactory,transactionManager,cacheManagerFactory,org.springframework.aop.config.internalAutoProxyCreator,org.springframework.cache.annotation.AnnotationCacheOperationSource#0,org.springframework.cache.interceptor.CacheInterceptor#0,org.springframework.cache.config.internalCacheAdvisor,cacheManager,org.springframework.transaction.annotation.AnnotationTransactionAttributeSource#0,org.springframework.transaction.interceptor.TransactionInterceptor#0,org.springframework.transaction.config.internalTransactionAdvisor,userDAOImpl,userDAO,org.springframework.data.repository.core.support.RepositoryInterfaceAwareBeanPostProcessor#0,org.springframework.context.annotation.ConfigurationClassPostProcessor$ImportAwareBeanPostProcessor#0,mockMessageService]; root of factory hierarchy
2014-09-19 15:10:12,486-[TS] INFO Thread-3 org.springframework.cache.ehcache.EhCacheManagerFactoryBean - Shutting down EHCache CacheManager
2014-09-19 15:10:12,490-[TS] INFO Thread-3 org.springframework.orm.jpa.LocalContainerEntityManagerFactoryBean - Closing JPA EntityManagerFactory for persistence unit 'jpaDemo'
2014-09-19 15:10:12,491-[TS] INFO Thread-3 org.springframework.scheduling.concurrent.ThreadPoolTaskScheduler - Shutting down ExecutorService 'scheduler'
2014-09-19 15:10:12,492-[TS] INFO Thread-3 org.springframework.scheduling.concurrent.ThreadPoolTaskExecutor - Shutting down ExecutorService
2014-09-19 15:10:32,469-[TS] INFO main org.springframework.test.context.TestContextManager - @TestExecutionListeners is not present for class [class org.zhubao.service.UserServiceTest]: using defaults.
2014-09-19 15:10:32,576-[TS] INFO main org.springframework.beans.factory.xml.XmlBeanDefinitionReader - Loading XML bean definitions from class path resource [applicationContext.xml]
2014-09-19 15:10:32,699-[TS] INFO main org.springframework.context.annotation.ClassPathBeanDefinitionScanner - JSR-250 'javax.annotation.ManagedBean' found and supported for component scanning
2014-09-19 15:10:32,839-[TS] INFO main org.springframework.context.support.GenericApplicationContext - Refreshing org.springframework.context.support.GenericApplicationContext@1abab88: startup date [Fri Sep 19 15:10:32 CST 2014]; root of context hierarchy
2014-09-19 15:10:32,915-[TS] INFO main org.springframework.context.annotation.ClassPathBeanDefinitionScanner - JSR-250 'javax.annotation.ManagedBean' found and supported for component scanning
2014-09-19 15:10:33,025-[TS] INFO main org.springframework.beans.factory.config.PropertyPlaceholderConfigurer - Loading properties file from class path resource [config.properties]
2014-09-19 15:10:33,060-[TS] INFO main org.springframework.scheduling.concurrent.ThreadPoolTaskExecutor - Initializing ExecutorService 
2014-09-19 15:10:33,062-[TS] INFO main org.springframework.context.support.GenericApplicationContext - Bean 'executor' of type [class org.springframework.scheduling.config.TaskExecutorFactoryBean] is not eligible for getting processed by all BeanPostProcessors (for example: not eligible for auto-proxying)
2014-09-19 15:10:33,063-[TS] INFO main org.springframework.context.support.GenericApplicationContext - Bean 'executor' of type [class org.springframework.scheduling.concurrent.ThreadPoolTaskExecutor] is not eligible for getting processed by all BeanPostProcessors (for example: not eligible for auto-proxying)
2014-09-19 15:10:33,091-[TS] INFO main org.springframework.scheduling.concurrent.ThreadPoolTaskScheduler - Initializing ExecutorService  'scheduler'
2014-09-19 15:10:33,093-[TS] INFO main org.springframework.context.support.GenericApplicationContext - Bean 'scheduler' of type [class org.springframework.scheduling.concurrent.ThreadPoolTaskScheduler] is not eligible for getting processed by all BeanPostProcessors (for example: not eligible for auto-proxying)
2014-09-19 15:10:33,111-[TS] INFO main org.springframework.beans.factory.support.DefaultListableBeanFactory - Pre-instantiating singletons in org.springframework.beans.factory.support.DefaultListableBeanFactory@888e6c: defining beans [userServiceImpl,application,messagePrinter,springTaskDemo,org.springframework.context.annotation.internalConfigurationAnnotationProcessor,org.springframework.context.annotation.internalAutowiredAnnotationProcessor,org.springframework.context.annotation.internalRequiredAnnotationProcessor,org.springframework.context.annotation.internalCommonAnnotationProcessor,org.springframework.context.annotation.internalPersistenceAnnotationProcessor,executor,scheduler,org.springframework.context.annotation.internalAsyncAnnotationProcessor,org.springframework.context.annotation.internalScheduledAnnotationProcessor,propertyConfigurer,dataSource,entityManagerFactory,transactionManager,cacheManagerFactory,org.springframework.aop.config.internalAutoProxyCreator,org.springframework.cache.annotation.AnnotationCacheOperationSource#0,org.springframework.cache.interceptor.CacheInterceptor#0,org.springframework.cache.config.internalCacheAdvisor,cacheManager,org.springframework.transaction.annotation.AnnotationTransactionAttributeSource#0,org.springframework.transaction.interceptor.TransactionInterceptor#0,org.springframework.transaction.config.internalTransactionAdvisor,userDAOImpl,userDAO,org.springframework.data.repository.core.support.RepositoryInterfaceAwareBeanPostProcessor#0,org.springframework.context.annotation.ConfigurationClassPostProcessor$ImportAwareBeanPostProcessor#0,mockMessageService]; root of factory hierarchy
2014-09-19 15:10:33,205-[TS] INFO main org.springframework.orm.jpa.LocalContainerEntityManagerFactoryBean - Building JPA container EntityManagerFactory for persistence unit 'jpaDemo'
2014-09-19 15:10:33,315-[TS] INFO main org.hibernate.annotations.common.Version - HCANN000001: Hibernate Commons Annotations {4.0.1.Final}
2014-09-19 15:10:33,320-[TS] INFO main org.hibernate.Version - HHH000412: Hibernate Core {4.1.2}
2014-09-19 15:10:33,322-[TS] INFO main org.hibernate.cfg.Environment - HHH000206: hibernate.properties not found
2014-09-19 15:10:33,324-[TS] INFO main org.hibernate.cfg.Environment - HHH000021: Bytecode provider name : javassist
2014-09-19 15:10:33,342-[TS] INFO main org.hibernate.ejb.Ejb3Configuration - HHH000204: Processing PersistenceUnitInfo [
	name: jpaDemo
	...]
2014-09-19 15:10:33,517-[TS] INFO main org.hibernate.service.jdbc.connections.internal.ConnectionProviderInitiator - HHH000130: Instantiating explicit connection provider: org.hibernate.ejb.connection.InjectedDataSourceConnectionProvider
2014-09-19 15:10:33,740-[TS] INFO main org.hibernate.dialect.Dialect - HHH000400: Using dialect: org.hibernate.dialect.MySQLDialect
2014-09-19 15:10:33,747-[TS] INFO main org.hibernate.engine.jdbc.internal.LobCreatorBuilder - HHH000424: Disabling contextual LOB creation as createClob() method threw error : java.lang.reflect.InvocationTargetException
2014-09-19 15:10:33,755-[TS] INFO main org.hibernate.engine.transaction.internal.TransactionFactoryInitiator - HHH000268: Transaction strategy: org.hibernate.engine.transaction.internal.jdbc.JdbcTransactionFactory
2014-09-19 15:10:33,759-[TS] INFO main org.hibernate.hql.internal.ast.ASTQueryTranslatorFactory - HHH000397: Using ASTQueryTranslatorFactory
2014-09-19 15:10:33,790-[TS] INFO main org.hibernate.validator.util.Version - Hibernate Validator 4.2.0.Final
2014-09-19 15:10:33,986-[TS] INFO main org.hibernate.tool.hbm2ddl.SchemaUpdate - HHH000228: Running hbm2ddl schema update
2014-09-19 15:10:33,986-[TS] INFO main org.hibernate.tool.hbm2ddl.SchemaUpdate - HHH000102: Fetching database metadata
2014-09-19 15:10:33,989-[TS] INFO main org.hibernate.tool.hbm2ddl.SchemaUpdate - HHH000396: Updating schema
2014-09-19 15:10:34,005-[TS] INFO main org.hibernate.tool.hbm2ddl.TableMetadata - HHH000261: Table found: SpringJpaData.s_user
2014-09-19 15:10:34,005-[TS] INFO main org.hibernate.tool.hbm2ddl.TableMetadata - HHH000037: Columns: [sex, username, borndate, email, userid, password]
2014-09-19 15:10:34,005-[TS] INFO main org.hibernate.tool.hbm2ddl.TableMetadata - HHH000108: Foreign keys: []
2014-09-19 15:10:34,006-[TS] INFO main org.hibernate.tool.hbm2ddl.TableMetadata - HHH000126: Indexes: [primary]
2014-09-19 15:10:34,006-[TS] INFO main org.hibernate.tool.hbm2ddl.SchemaUpdate - HHH000232: Schema update complete
2014-09-19 15:10:34,403-[TS] INFO main org.springframework.cache.ehcache.EhCacheManagerFactoryBean - Initializing EHCache CacheManager
2014-09-19 15:10:34,781-[TS] INFO Thread-3 org.springframework.context.support.GenericApplicationContext - Closing org.springframework.context.support.GenericApplicationContext@1abab88: startup date [Fri Sep 19 15:10:32 CST 2014]; root of context hierarchy
2014-09-19 15:10:34,781-[TS] INFO Thread-3 org.springframework.beans.factory.support.DefaultListableBeanFactory - Destroying singletons in org.springframework.beans.factory.support.DefaultListableBeanFactory@888e6c: defining beans [userServiceImpl,application,messagePrinter,springTaskDemo,org.springframework.context.annotation.internalConfigurationAnnotationProcessor,org.springframework.context.annotation.internalAutowiredAnnotationProcessor,org.springframework.context.annotation.internalRequiredAnnotationProcessor,org.springframework.context.annotation.internalCommonAnnotationProcessor,org.springframework.context.annotation.internalPersistenceAnnotationProcessor,executor,scheduler,org.springframework.context.annotation.internalAsyncAnnotationProcessor,org.springframework.context.annotation.internalScheduledAnnotationProcessor,propertyConfigurer,dataSource,entityManagerFactory,transactionManager,cacheManagerFactory,org.springframework.aop.config.internalAutoProxyCreator,org.springframework.cache.annotation.AnnotationCacheOperationSource#0,org.springframework.cache.interceptor.CacheInterceptor#0,org.springframework.cache.config.internalCacheAdvisor,cacheManager,org.springframework.transaction.annotation.AnnotationTransactionAttributeSource#0,org.springframework.transaction.interceptor.TransactionInterceptor#0,org.springframework.transaction.config.internalTransactionAdvisor,userDAOImpl,userDAO,org.springframework.data.repository.core.support.RepositoryInterfaceAwareBeanPostProcessor#0,org.springframework.context.annotation.ConfigurationClassPostProcessor$ImportAwareBeanPostProcessor#0,mockMessageService]; root of factory hierarchy
2014-09-19 15:10:34,782-[TS] INFO Thread-3 org.springframework.cache.ehcache.EhCacheManagerFactoryBean - Shutting down EHCache CacheManager
2014-09-19 15:10:34,785-[TS] INFO Thread-3 org.springframework.orm.jpa.LocalContainerEntityManagerFactoryBean - Closing JPA EntityManagerFactory for persistence unit 'jpaDemo'
2014-09-19 15:10:34,787-[TS] INFO Thread-3 org.springframework.scheduling.concurrent.ThreadPoolTaskScheduler - Shutting down ExecutorService 'scheduler'
2014-09-19 15:10:34,787-[TS] INFO Thread-3 org.springframework.scheduling.concurrent.ThreadPoolTaskExecutor - Shutting down ExecutorService
2014-09-19 15:18:58,819-[TS] INFO main org.springframework.test.context.TestContextManager - @TestExecutionListeners is not present for class [class org.zhubao.service.UserServiceTest]: using defaults.
2014-09-19 15:18:58,924-[TS] INFO main org.springframework.beans.factory.xml.XmlBeanDefinitionReader - Loading XML bean definitions from class path resource [applicationContext.xml]
2014-09-19 15:18:59,047-[TS] INFO main org.springframework.context.annotation.ClassPathBeanDefinitionScanner - JSR-250 'javax.annotation.ManagedBean' found and supported for component scanning
2014-09-19 15:18:59,188-[TS] INFO main org.springframework.context.support.GenericApplicationContext - Refreshing org.springframework.context.support.GenericApplicationContext@750159: startup date [Fri Sep 19 15:18:59 CST 2014]; root of context hierarchy
2014-09-19 15:18:59,264-[TS] INFO main org.springframework.context.annotation.ClassPathBeanDefinitionScanner - JSR-250 'javax.annotation.ManagedBean' found and supported for component scanning
2014-09-19 15:18:59,373-[TS] INFO main org.springframework.beans.factory.config.PropertyPlaceholderConfigurer - Loading properties file from class path resource [config.properties]
2014-09-19 15:18:59,407-[TS] INFO main org.springframework.scheduling.concurrent.ThreadPoolTaskExecutor - Initializing ExecutorService 
2014-09-19 15:18:59,409-[TS] INFO main org.springframework.context.support.GenericApplicationContext - Bean 'executor' of type [class org.springframework.scheduling.config.TaskExecutorFactoryBean] is not eligible for getting processed by all BeanPostProcessors (for example: not eligible for auto-proxying)
2014-09-19 15:18:59,411-[TS] INFO main org.springframework.context.support.GenericApplicationContext - Bean 'executor' of type [class org.springframework.scheduling.concurrent.ThreadPoolTaskExecutor] is not eligible for getting processed by all BeanPostProcessors (for example: not eligible for auto-proxying)
2014-09-19 15:18:59,439-[TS] INFO main org.springframework.scheduling.concurrent.ThreadPoolTaskScheduler - Initializing ExecutorService  'scheduler'
2014-09-19 15:18:59,440-[TS] INFO main org.springframework.context.support.GenericApplicationContext - Bean 'scheduler' of type [class org.springframework.scheduling.concurrent.ThreadPoolTaskScheduler] is not eligible for getting processed by all BeanPostProcessors (for example: not eligible for auto-proxying)
2014-09-19 15:18:59,460-[TS] INFO main org.springframework.beans.factory.support.DefaultListableBeanFactory - Pre-instantiating singletons in org.springframework.beans.factory.support.DefaultListableBeanFactory@13e58d4: defining beans [userServiceImpl,application,messagePrinter,springTaskDemo,org.springframework.context.annotation.internalConfigurationAnnotationProcessor,org.springframework.context.annotation.internalAutowiredAnnotationProcessor,org.springframework.context.annotation.internalRequiredAnnotationProcessor,org.springframework.context.annotation.internalCommonAnnotationProcessor,org.springframework.context.annotation.internalPersistenceAnnotationProcessor,executor,scheduler,org.springframework.context.annotation.internalAsyncAnnotationProcessor,org.springframework.context.annotation.internalScheduledAnnotationProcessor,propertyConfigurer,dataSource,entityManagerFactory,transactionManager,cacheManagerFactory,org.springframework.aop.config.internalAutoProxyCreator,org.springframework.cache.annotation.AnnotationCacheOperationSource#0,org.springframework.cache.interceptor.CacheInterceptor#0,org.springframework.cache.config.internalCacheAdvisor,cacheManager,org.springframework.transaction.annotation.AnnotationTransactionAttributeSource#0,org.springframework.transaction.interceptor.TransactionInterceptor#0,org.springframework.transaction.config.internalTransactionAdvisor,userDAOImpl,userDAO,org.springframework.data.repository.core.support.RepositoryInterfaceAwareBeanPostProcessor#0,org.springframework.context.annotation.ConfigurationClassPostProcessor$ImportAwareBeanPostProcessor#0,mockMessageService]; root of factory hierarchy
2014-09-19 15:18:59,556-[TS] INFO main org.springframework.orm.jpa.LocalContainerEntityManagerFactoryBean - Building JPA container EntityManagerFactory for persistence unit 'jpaDemo'
2014-09-19 15:18:59,669-[TS] INFO main org.hibernate.annotations.common.Version - HCANN000001: Hibernate Commons Annotations {4.0.1.Final}
2014-09-19 15:18:59,675-[TS] INFO main org.hibernate.Version - HHH000412: Hibernate Core {4.1.2}
2014-09-19 15:18:59,676-[TS] INFO main org.hibernate.cfg.Environment - HHH000206: hibernate.properties not found
2014-09-19 15:18:59,678-[TS] INFO main org.hibernate.cfg.Environment - HHH000021: Bytecode provider name : javassist
2014-09-19 15:18:59,697-[TS] INFO main org.hibernate.ejb.Ejb3Configuration - HHH000204: Processing PersistenceUnitInfo [
	name: jpaDemo
	...]
2014-09-19 15:18:59,873-[TS] INFO main org.hibernate.service.jdbc.connections.internal.ConnectionProviderInitiator - HHH000130: Instantiating explicit connection provider: org.hibernate.ejb.connection.InjectedDataSourceConnectionProvider
2014-09-19 15:19:00,099-[TS] INFO main org.hibernate.dialect.Dialect - HHH000400: Using dialect: org.hibernate.dialect.MySQLDialect
2014-09-19 15:19:00,106-[TS] INFO main org.hibernate.engine.jdbc.internal.LobCreatorBuilder - HHH000424: Disabling contextual LOB creation as createClob() method threw error : java.lang.reflect.InvocationTargetException
2014-09-19 15:19:00,114-[TS] INFO main org.hibernate.engine.transaction.internal.TransactionFactoryInitiator - HHH000268: Transaction strategy: org.hibernate.engine.transaction.internal.jdbc.JdbcTransactionFactory
2014-09-19 15:19:00,118-[TS] INFO main org.hibernate.hql.internal.ast.ASTQueryTranslatorFactory - HHH000397: Using ASTQueryTranslatorFactory
2014-09-19 15:19:00,149-[TS] INFO main org.hibernate.validator.util.Version - Hibernate Validator 4.2.0.Final
2014-09-19 15:19:00,349-[TS] INFO main org.hibernate.tool.hbm2ddl.SchemaUpdate - HHH000228: Running hbm2ddl schema update
2014-09-19 15:19:00,349-[TS] INFO main org.hibernate.tool.hbm2ddl.SchemaUpdate - HHH000102: Fetching database metadata
2014-09-19 15:19:00,352-[TS] INFO main org.hibernate.tool.hbm2ddl.SchemaUpdate - HHH000396: Updating schema
2014-09-19 15:19:00,368-[TS] INFO main org.hibernate.tool.hbm2ddl.TableMetadata - HHH000261: Table found: SpringJpaData.s_user
2014-09-19 15:19:00,369-[TS] INFO main org.hibernate.tool.hbm2ddl.TableMetadata - HHH000037: Columns: [sex, username, borndate, email, userid, password]
2014-09-19 15:19:00,369-[TS] INFO main org.hibernate.tool.hbm2ddl.TableMetadata - HHH000108: Foreign keys: []
2014-09-19 15:19:00,369-[TS] INFO main org.hibernate.tool.hbm2ddl.TableMetadata - HHH000126: Indexes: [primary]
2014-09-19 15:19:00,370-[TS] INFO main org.hibernate.tool.hbm2ddl.SchemaUpdate - HHH000232: Schema update complete
2014-09-19 15:19:00,774-[TS] INFO main org.springframework.cache.ehcache.EhCacheManagerFactoryBean - Initializing EHCache CacheManager
2014-09-19 15:19:01,345-[TS] INFO Thread-3 org.springframework.context.support.GenericApplicationContext - Closing org.springframework.context.support.GenericApplicationContext@750159: startup date [Fri Sep 19 15:18:59 CST 2014]; root of context hierarchy
2014-09-19 15:19:01,345-[TS] INFO Thread-3 org.springframework.beans.factory.support.DefaultListableBeanFactory - Destroying singletons in org.springframework.beans.factory.support.DefaultListableBeanFactory@13e58d4: defining beans [userServiceImpl,application,messagePrinter,springTaskDemo,org.springframework.context.annotation.internalConfigurationAnnotationProcessor,org.springframework.context.annotation.internalAutowiredAnnotationProcessor,org.springframework.context.annotation.internalRequiredAnnotationProcessor,org.springframework.context.annotation.internalCommonAnnotationProcessor,org.springframework.context.annotation.internalPersistenceAnnotationProcessor,executor,scheduler,org.springframework.context.annotation.internalAsyncAnnotationProcessor,org.springframework.context.annotation.internalScheduledAnnotationProcessor,propertyConfigurer,dataSource,entityManagerFactory,transactionManager,cacheManagerFactory,org.springframework.aop.config.internalAutoProxyCreator,org.springframework.cache.annotation.AnnotationCacheOperationSource#0,org.springframework.cache.interceptor.CacheInterceptor#0,org.springframework.cache.config.internalCacheAdvisor,cacheManager,org.springframework.transaction.annotation.AnnotationTransactionAttributeSource#0,org.springframework.transaction.interceptor.TransactionInterceptor#0,org.springframework.transaction.config.internalTransactionAdvisor,userDAOImpl,userDAO,org.springframework.data.repository.core.support.RepositoryInterfaceAwareBeanPostProcessor#0,org.springframework.context.annotation.ConfigurationClassPostProcessor$ImportAwareBeanPostProcessor#0,mockMessageService]; root of factory hierarchy
2014-09-19 15:19:01,346-[TS] INFO Thread-3 org.springframework.cache.ehcache.EhCacheManagerFactoryBean - Shutting down EHCache CacheManager
2014-09-19 15:19:01,348-[TS] INFO Thread-3 org.springframework.orm.jpa.LocalContainerEntityManagerFactoryBean - Closing JPA EntityManagerFactory for persistence unit 'jpaDemo'
2014-09-19 15:19:01,350-[TS] INFO Thread-3 org.springframework.scheduling.concurrent.ThreadPoolTaskScheduler - Shutting down ExecutorService 'scheduler'
2014-09-19 15:19:01,350-[TS] INFO Thread-3 org.springframework.scheduling.concurrent.ThreadPoolTaskExecutor - Shutting down ExecutorService
